#
# A fatal error has been detected by the Java Runtime Environment:
#
#  SIGSEGV (0xb) at pc=0x00007ff2f2782c6f, pid=17308, tid=17308
#
# JRE version: OpenJDK Runtime Environment (11.0.18+10) (build 11.0.18+10-post-Ubuntu-0ubuntu122.04)
# Java VM: OpenJDK 64-Bit Server VM (11.0.18+10-post-Ubuntu-0ubuntu122.04, mixed mode, sharing, tiered, compressed oops, g1 gc, linux-amd64)
# Problematic frame:
# C  [libz3.so.4+0x1bbc6f]
#
# No core dump will be written. Core dumps have been disabled. To enable core dumping, try "ulimit -c unlimited" before starting Java again
#
# If you would like to submit a bug report, please visit:
#   https://bugs.launchpad.net/ubuntu/+source/openjdk-lts
#

---------------  S U M M A R Y ------------

Command Line: Problem11

Host: 12th Gen Intel(R) Core(TM) i5-12600K, 16 cores, 15G, Ubuntu 22.04.1 LTS
Time: Sat Mar 11 02:37:21 2023 CET elapsed time: 41.592904 seconds (0d 0h 0m 41s)

---------------  T H R E A D  ---------------

Current thread is native thread

Stack: [0x00007ffea24da000,0x00007ffea2cd9000],  sp=0x00007ffea2cd3bb0,  free space=8166k
Native frames: (J=compiled Java code, A=aot compiled Java code, j=interpreted, Vv=VM code, C=native code)
C  [libz3.so.4+0x1bbc6f]


siginfo: si_signo: 11 (SIGSEGV), si_code: 1 (SEGV_MAPERR), si_addr: 0x0000000000000008

Register to memory mapping:

RAX=0x0 is NULL
RBX=
[error occurred during error reporting (printing register info), id 0xb, SIGSEGV (0xb) at pc=0x00007ff32eb37e1c]

Registers:
RAX=0x0000000000000000, RBX=0x00007ff32d9c2640, RCX=0x00007ff32f070197, RDX=0x00007ffea2cd3bc0
RSP=0x00007ffea2cd3bb0, RBP=0x00007ffea2cd4218, RSI=0x00007ffea2cd3cf0, RDI=0x0000000000000002
R8 =0x0000000000000000, R9 =0x00000000ffffffff, R10=0x0000000000000000, R11=0x0000000000000246
R12=0x0000000000000000, R13=0x000000000000439d, R14=0x0000000000000000, R15=0x0000000000000000
RIP=0x00007ff2f2782c6f, EFLAGS=0x0000000000010202, CSGSFS=0x002b000000000033, ERR=0x0000000000000004
  TRAPNO=0x000000000000000e

Top of Stack: (sp=0x00007ffea2cd3bb0)
0x00007ffea2cd3bb0:   0000000100000000 00007ff32f021520
0x00007ffea2cd3bc0:   0000000000000007 0000000000000000
0x00007ffea2cd3bd0:   0000000000000000 00007ffe00000002
0x00007ffea2cd3be0:   0000000000000000 0000000000000000 

Instructions: (pc=0x00007ff2f2782c6f)
0x00007ff2f2782b6f:   48 89 e8 4c 29 f0 48 3d 80 00 00 00 0f 8e b3 00
0x00007ff2f2782b7f:   00 00 48 83 3c 24 00 74 41 49 89 ef e9 0e ff ff
0x00007ff2f2782b8f:   ff 48 89 df e8 38 95 eb ff 85 c0 0f 88 50 ff ff
0x00007ff2f2782b9f:   ff 4c 89 ee 4c 89 e7 e8 25 95 eb ff 85 c0 0f 88
0x00007ff2f2782baf:   90 00 00 00 4d 8b 2e 49 8b 46 08 4d 89 6e 08 49
0x00007ff2f2782bbf:   89 06 e9 38 ff ff ff 4c 89 fd 48 c1 f8 03 4c 89
0x00007ff2f2782bcf:   f7 4c 8d 60 fe 48 89 c2 48 89 c3 49 d1 fc 4b 8b
0x00007ff2f2782bdf:   0c e6 4c 89 e6 e8 67 ee ac 00 49 83 ec 01 48 89
0x00007ff2f2782bef:   da 4c 89 f7 4b 8b 0c e6 4c 89 e6 e8 51 ee ac 00
0x00007ff2f2782bff:   4d 85 e4 75 e5 0f 1f 40 00 48 83 ed 08 49 8b 06
0x00007ff2f2782c0f:   48 8b 4d 00 31 f6 48 89 eb 4c 89 f7 4c 29 f3 48
0x00007ff2f2782c1f:   89 45 00 48 89 da 48 c1 fa 03 e8 22 ee ac 00 48
0x00007ff2f2782c2f:   83 fb 08 7f d4 48 83 c4 18 5b 5d 41 5c 41 5d 41
0x00007ff2f2782c3f:   5e 41 5f c3 49 8b 06 4d 89 2e 49 89 47 f8 4d 8b
0x00007ff2f2782c4f:   6e 08 e9 a8 fe ff ff 66 2e 0f 1f 84 00 00 00 00
0x00007ff2f2782c5f:   00 f3 0f 1e fa 48 83 ec 08 48 8b 05 19 83 d7 00
0x00007ff2f2782c6f:   80 78 08 00 74 43 48 8b 38 be 01 00 00 00 48 8b
0x00007ff2f2782c7f:   07 ff 50 10 48 8b 05 fe 82 d7 00 80 78 09 00 75
0x00007ff2f2782c8f:   08 48 83 c4 08 c3 0f 1f 00 c6 40 08 00 48 8d 35
0x00007ff2f2782c9f:   bd ff ff ff bf 02 00 00 00 48 83 c4 08 e9 1f 90
0x00007ff2f2782caf:   eb ff 0f 1f 80 00 00 00 00 48 8b 70 10 bf 02 00
0x00007ff2f2782cbf:   00 00 e8 0a 90 eb ff bf 02 00 00 00 48 83 c4 08
0x00007ff2f2782ccf:   e9 5c 94 eb ff 66 66 2e 0f 1f 84 00 00 00 00 00
0x00007ff2f2782cdf:   90 f3 0f 1e fa 41 57 41 56 41 55 41 54 55 53 48
0x00007ff2f2782cef:   89 fb 48 83 ec 48 4c 8b 2d 2c 72 d7 00 64 48 8b
0x00007ff2f2782cff:   04 25 28 00 00 00 48 89 44 24 38 31 c0 4d 85 ed
0x00007ff2f2782d0f:   74 14 48 8d 3d 88 82 d7 00 e8 c3 8e eb ff 85 c0
0x00007ff2f2782d1f:   0f 85 58 04 00 00 48 8d 43 3c 4c 8d 35 70 82 d7
0x00007ff2f2782d2f:   00 48 89 04 24 0f 1f 40 00 48 8d 44 24 20 48 89
0x00007ff2f2782d3f:   44 24 08 66 0f 1f 44 00 00 48 8b 04 24 8b 00 85
0x00007ff2f2782d4f:   c0 0f 8f 32 01 00 00 48 8b 6b 78 4c 8b 7b 70 48
0x00007ff2f2782d5f:   85 ed 74 14 48 8b 05 fe 71 d7 00 80 38 00 0f 84 


Stack slot to memory mapping:
stack at sp + 0 slots: 
[error occurred during error reporting (inspecting top of stack), id 0xb, SIGSEGV (0xb) at pc=0x00007ff32eb37e1c]


---------------  P R O C E S S  ---------------

VM state:not at safepoint (normal execution)

VM Mutex/Monitor currently owned by a thread: None

Heap address: 0x0000000708000000, size: 3968 MB, Compressed Oops mode: Zero based, Oop shift amount: 3
Narrow klass base: 0x0000000800000000, Narrow klass shift: 3
Compressed class space size: 1073741824 Address: 0x0000000840000000

Heap:
 garbage-first heap   total 581632K, used 448716K [0x0000000708000000, 0x0000000800000000)
  region size 1024K, 67 young (68608K), 12 survivors (12288K)
 Metaspace       used 2429K, capacity 5757K, committed 6016K, reserved 1056768K
  class space    used 188K, capacity 515K, committed 640K, reserved 1048576K
Heap Regions: E=young(eden), S=young(survivor), O=old, HS=humongous(starts), HC=humongous(continues), CS=collection set, F=free, A=archive, TAMS=top-at-mark-start (previous, next)
|   0|0x0000000708000000, 0x0000000708100000, 0x0000000708100000|100%| O|  |TAMS 0x0000000708100000, 0x0000000708000000| Complete 
|   1|0x0000000708100000, 0x0000000708200000, 0x0000000708200000|100%| O|  |TAMS 0x0000000708200000, 0x0000000708100000| Complete 
|   2|0x0000000708200000, 0x0000000708300000, 0x0000000708300000|100%| O|  |TAMS 0x0000000708300000, 0x0000000708200000| Complete 
|   3|0x0000000708300000, 0x0000000708400000, 0x0000000708400000|100%| O|  |TAMS 0x0000000708400000, 0x0000000708300000| Complete 
|   4|0x0000000708400000, 0x0000000708500000, 0x0000000708500000|100%| O|  |TAMS 0x0000000708500000, 0x0000000708400000| Complete 
|   5|0x0000000708500000, 0x0000000708600000, 0x0000000708600000|100%| O|  |TAMS 0x0000000708600000, 0x0000000708500000| Complete 
|   6|0x0000000708600000, 0x0000000708700000, 0x0000000708700000|100%| O|  |TAMS 0x0000000708700000, 0x0000000708600000| Complete 
|   7|0x0000000708700000, 0x0000000708800000, 0x0000000708800000|100%| O|  |TAMS 0x0000000708800000, 0x0000000708700000| Complete 
|   8|0x0000000708800000, 0x0000000708900000, 0x0000000708900000|100%| O|  |TAMS 0x0000000708900000, 0x0000000708800000| Complete 
|   9|0x0000000708900000, 0x0000000708a00000, 0x0000000708a00000|100%| O|  |TAMS 0x0000000708a00000, 0x0000000708900000| Complete 
|  10|0x0000000708a00000, 0x0000000708b00000, 0x0000000708b00000|100%| O|  |TAMS 0x0000000708b00000, 0x0000000708a00000| Complete 
|  11|0x0000000708b00000, 0x0000000708c00000, 0x0000000708c00000|100%| O|  |TAMS 0x0000000708c00000, 0x0000000708b00000| Complete 
|  12|0x0000000708c00000, 0x0000000708d00000, 0x0000000708d00000|100%| O|  |TAMS 0x0000000708d00000, 0x0000000708c00000| Complete 
|  13|0x0000000708d00000, 0x0000000708e00000, 0x0000000708e00000|100%| O|  |TAMS 0x0000000708e00000, 0x0000000708d00000| Complete 
|  14|0x0000000708e00000, 0x0000000708f00000, 0x0000000708f00000|100%| O|  |TAMS 0x0000000708f00000, 0x0000000708e00000| Complete 
|  15|0x0000000708f00000, 0x0000000708f00000, 0x0000000709000000|  0%| F|  |TAMS 0x0000000708f00000, 0x0000000708f00000| Untracked 
|  16|0x0000000709000000, 0x0000000709100000, 0x0000000709100000|100%| O|  |TAMS 0x0000000709100000, 0x0000000709000000| Complete 
|  17|0x0000000709100000, 0x0000000709200000, 0x0000000709200000|100%| O|  |TAMS 0x0000000709200000, 0x0000000709100000| Complete 
|  18|0x0000000709200000, 0x0000000709300000, 0x0000000709300000|100%| O|  |TAMS 0x0000000709300000, 0x0000000709200000| Complete 
|  19|0x0000000709300000, 0x0000000709400000, 0x0000000709400000|100%| O|  |TAMS 0x0000000709400000, 0x0000000709300000| Complete 
|  20|0x0000000709400000, 0x0000000709500000, 0x0000000709500000|100%| O|  |TAMS 0x0000000709500000, 0x0000000709400000| Complete 
|  21|0x0000000709500000, 0x0000000709600000, 0x0000000709600000|100%| O|  |TAMS 0x0000000709600000, 0x0000000709500000| Complete 
|  22|0x0000000709600000, 0x0000000709700000, 0x0000000709700000|100%| O|  |TAMS 0x0000000709700000, 0x0000000709600000| Complete 
|  23|0x0000000709700000, 0x0000000709800000, 0x0000000709800000|100%| O|  |TAMS 0x0000000709800000, 0x0000000709700000| Complete 
|  24|0x0000000709800000, 0x0000000709900000, 0x0000000709900000|100%| O|  |TAMS 0x0000000709900000, 0x0000000709800000| Complete 
|  25|0x0000000709900000, 0x0000000709a00000, 0x0000000709a00000|100%| O|  |TAMS 0x0000000709a00000, 0x0000000709900000| Complete 
|  26|0x0000000709a00000, 0x0000000709b00000, 0x0000000709b00000|100%| O|  |TAMS 0x0000000709b00000, 0x0000000709a00000| Complete 
|  27|0x0000000709b00000, 0x0000000709c00000, 0x0000000709c00000|100%| O|  |TAMS 0x0000000709c00000, 0x0000000709b00000| Complete 
|  28|0x0000000709c00000, 0x0000000709d00000, 0x0000000709d00000|100%| O|  |TAMS 0x0000000709d00000, 0x0000000709c00000| Complete 
|  29|0x0000000709d00000, 0x0000000709e00000, 0x0000000709e00000|100%| O|  |TAMS 0x0000000709e00000, 0x0000000709d00000| Complete 
|  30|0x0000000709e00000, 0x0000000709f00000, 0x0000000709f00000|100%| O|  |TAMS 0x0000000709f00000, 0x0000000709e00000| Complete 
|  31|0x0000000709f00000, 0x000000070a000000, 0x000000070a000000|100%| O|  |TAMS 0x000000070a000000, 0x0000000709f00000| Complete 
|  32|0x000000070a000000, 0x000000070a100000, 0x000000070a100000|100%| O|  |TAMS 0x000000070a100000, 0x000000070a000000| Complete 
|  33|0x000000070a100000, 0x000000070a200000, 0x000000070a200000|100%| O|  |TAMS 0x000000070a200000, 0x000000070a100000| Complete 
|  34|0x000000070a200000, 0x000000070a300000, 0x000000070a300000|100%| O|  |TAMS 0x000000070a300000, 0x000000070a200000| Complete 
|  35|0x000000070a300000, 0x000000070a400000, 0x000000070a400000|100%| O|  |TAMS 0x000000070a400000, 0x000000070a300000| Complete 
|  36|0x000000070a400000, 0x000000070a500000, 0x000000070a500000|100%| O|  |TAMS 0x000000070a500000, 0x000000070a400000| Complete 
|  37|0x000000070a500000, 0x000000070a600000, 0x000000070a600000|100%| O|  |TAMS 0x000000070a600000, 0x000000070a500000| Complete 
|  38|0x000000070a600000, 0x000000070a700000, 0x000000070a700000|100%| O|  |TAMS 0x000000070a700000, 0x000000070a600000| Complete 
|  39|0x000000070a700000, 0x000000070a700000, 0x000000070a800000|  0%| F|  |TAMS 0x000000070a700000, 0x000000070a700000| Untracked 
|  40|0x000000070a800000, 0x000000070a800000, 0x000000070a900000|  0%| F|  |TAMS 0x000000070a800000, 0x000000070a800000| Untracked 
|  41|0x000000070a900000, 0x000000070aa00000, 0x000000070aa00000|100%| O|  |TAMS 0x000000070aa00000, 0x000000070a900000| Complete 
|  42|0x000000070aa00000, 0x000000070ab00000, 0x000000070ab00000|100%| O|  |TAMS 0x000000070ab00000, 0x000000070aa00000| Complete 
|  43|0x000000070ab00000, 0x000000070ac00000, 0x000000070ac00000|100%| O|  |TAMS 0x000000070ac00000, 0x000000070ab00000| Complete 
|  44|0x000000070ac00000, 0x000000070ad00000, 0x000000070ad00000|100%| O|  |TAMS 0x000000070ad00000, 0x000000070ac00000| Complete 
|  45|0x000000070ad00000, 0x000000070ae00000, 0x000000070ae00000|100%| O|  |TAMS 0x000000070ae00000, 0x000000070ad00000| Complete 
|  46|0x000000070ae00000, 0x000000070af00000, 0x000000070af00000|100%| O|  |TAMS 0x000000070af00000, 0x000000070ae00000| Complete 
|  47|0x000000070af00000, 0x000000070b000000, 0x000000070b000000|100%| O|  |TAMS 0x000000070b000000, 0x000000070af00000| Complete 
|  48|0x000000070b000000, 0x000000070b100000, 0x000000070b100000|100%| O|  |TAMS 0x000000070b100000, 0x000000070b000000| Complete 
|  49|0x000000070b100000, 0x000000070b200000, 0x000000070b200000|100%| O|  |TAMS 0x000000070b200000, 0x000000070b100000| Complete 
|  50|0x000000070b200000, 0x000000070b300000, 0x000000070b300000|100%| O|  |TAMS 0x000000070b300000, 0x000000070b200000| Complete 
|  51|0x000000070b300000, 0x000000070b400000, 0x000000070b400000|100%| O|  |TAMS 0x000000070b400000, 0x000000070b300000| Complete 
|  52|0x000000070b400000, 0x000000070b500000, 0x000000070b500000|100%| O|  |TAMS 0x000000070b500000, 0x000000070b400000| Complete 
|  53|0x000000070b500000, 0x000000070b600000, 0x000000070b600000|100%| O|  |TAMS 0x000000070b600000, 0x000000070b500000| Complete 
|  54|0x000000070b600000, 0x000000070b700000, 0x000000070b700000|100%| O|  |TAMS 0x000000070b700000, 0x000000070b600000| Complete 
|  55|0x000000070b700000, 0x000000070b800000, 0x000000070b800000|100%| O|  |TAMS 0x000000070b800000, 0x000000070b700000| Complete 
|  56|0x000000070b800000, 0x000000070b900000, 0x000000070b900000|100%| O|  |TAMS 0x000000070b900000, 0x000000070b800000| Complete 
|  57|0x000000070b900000, 0x000000070ba00000, 0x000000070ba00000|100%| O|  |TAMS 0x000000070ba00000, 0x000000070b900000| Complete 
|  58|0x000000070ba00000, 0x000000070ba00000, 0x000000070bb00000|  0%| F|  |TAMS 0x000000070ba00000, 0x000000070ba00000| Untracked 
|  59|0x000000070bb00000, 0x000000070bb00000, 0x000000070bc00000|  0%| F|  |TAMS 0x000000070bb00000, 0x000000070bb00000| Untracked 
|  60|0x000000070bc00000, 0x000000070bd00000, 0x000000070bd00000|100%| O|  |TAMS 0x000000070bd00000, 0x000000070bc00000| Complete 
|  61|0x000000070bd00000, 0x000000070be00000, 0x000000070be00000|100%| O|  |TAMS 0x000000070be00000, 0x000000070bd00000| Complete 
|  62|0x000000070be00000, 0x000000070be00000, 0x000000070bf00000|  0%| F|  |TAMS 0x000000070be00000, 0x000000070be00000| Untracked 
|  63|0x000000070bf00000, 0x000000070c000000, 0x000000070c000000|100%| O|  |TAMS 0x000000070c000000, 0x000000070bf00000| Complete 
|  64|0x000000070c000000, 0x000000070c100000, 0x000000070c100000|100%| O|  |TAMS 0x000000070c100000, 0x000000070c000000| Complete 
|  65|0x000000070c100000, 0x000000070c200000, 0x000000070c200000|100%| O|  |TAMS 0x000000070c200000, 0x000000070c100000| Complete 
|  66|0x000000070c200000, 0x000000070c300000, 0x000000070c300000|100%| O|  |TAMS 0x000000070c300000, 0x000000070c200000| Complete 
|  67|0x000000070c300000, 0x000000070c400000, 0x000000070c400000|100%| O|  |TAMS 0x000000070c400000, 0x000000070c300000| Complete 
|  68|0x000000070c400000, 0x000000070c500000, 0x000000070c500000|100%| O|  |TAMS 0x000000070c500000, 0x000000070c400000| Complete 
|  69|0x000000070c500000, 0x000000070c600000, 0x000000070c600000|100%| O|  |TAMS 0x000000070c600000, 0x000000070c500000| Complete 
|  70|0x000000070c600000, 0x000000070c700000, 0x000000070c700000|100%| O|  |TAMS 0x000000070c700000, 0x000000070c600000| Complete 
|  71|0x000000070c700000, 0x000000070c800000, 0x000000070c800000|100%| O|  |TAMS 0x000000070c800000, 0x000000070c700000| Complete 
|  72|0x000000070c800000, 0x000000070c900000, 0x000000070c900000|100%| O|  |TAMS 0x000000070c900000, 0x000000070c800000| Complete 
|  73|0x000000070c900000, 0x000000070ca00000, 0x000000070ca00000|100%| O|  |TAMS 0x000000070ca00000, 0x000000070c900000| Complete 
|  74|0x000000070ca00000, 0x000000070cb00000, 0x000000070cb00000|100%| O|  |TAMS 0x000000070cb00000, 0x000000070ca00000| Complete 
|  75|0x000000070cb00000, 0x000000070cc00000, 0x000000070cc00000|100%| O|  |TAMS 0x000000070cc00000, 0x000000070cb00000| Complete 
|  76|0x000000070cc00000, 0x000000070cd00000, 0x000000070cd00000|100%| O|  |TAMS 0x000000070cd00000, 0x000000070cc00000| Complete 
|  77|0x000000070cd00000, 0x000000070ce00000, 0x000000070ce00000|100%| O|  |TAMS 0x000000070ce00000, 0x000000070cd00000| Complete 
|  78|0x000000070ce00000, 0x000000070cf00000, 0x000000070cf00000|100%| O|  |TAMS 0x000000070cf00000, 0x000000070ce00000| Complete 
|  79|0x000000070cf00000, 0x000000070d000000, 0x000000070d000000|100%| O|  |TAMS 0x000000070d000000, 0x000000070cf00000| Complete 
|  80|0x000000070d000000, 0x000000070d100000, 0x000000070d100000|100%| O|  |TAMS 0x000000070d100000, 0x000000070d000000| Complete 
|  81|0x000000070d100000, 0x000000070d200000, 0x000000070d200000|100%| O|  |TAMS 0x000000070d200000, 0x000000070d100000| Complete 
|  82|0x000000070d200000, 0x000000070d300000, 0x000000070d300000|100%| O|  |TAMS 0x000000070d300000, 0x000000070d200000| Complete 
|  83|0x000000070d300000, 0x000000070d400000, 0x000000070d400000|100%| O|  |TAMS 0x000000070d400000, 0x000000070d300000| Complete 
|  84|0x000000070d400000, 0x000000070d500000, 0x000000070d500000|100%| O|  |TAMS 0x000000070d500000, 0x000000070d400000| Complete 
|  85|0x000000070d500000, 0x000000070d600000, 0x000000070d600000|100%| O|  |TAMS 0x000000070d600000, 0x000000070d500000| Complete 
|  86|0x000000070d600000, 0x000000070d600000, 0x000000070d700000|  0%| F|  |TAMS 0x000000070d600000, 0x000000070d600000| Untracked 
|  87|0x000000070d700000, 0x000000070d800000, 0x000000070d800000|100%| O|  |TAMS 0x000000070d800000, 0x000000070d700000| Complete 
|  88|0x000000070d800000, 0x000000070d900000, 0x000000070d900000|100%| O|  |TAMS 0x000000070d900000, 0x000000070d800000| Complete 
|  89|0x000000070d900000, 0x000000070da00000, 0x000000070da00000|100%| O|  |TAMS 0x000000070da00000, 0x000000070d900000| Complete 
|  90|0x000000070da00000, 0x000000070db00000, 0x000000070db00000|100%| O|  |TAMS 0x000000070db00000, 0x000000070da00000| Complete 
|  91|0x000000070db00000, 0x000000070dc00000, 0x000000070dc00000|100%| O|  |TAMS 0x000000070dc00000, 0x000000070db00000| Complete 
|  92|0x000000070dc00000, 0x000000070dd00000, 0x000000070dd00000|100%| O|  |TAMS 0x000000070dd00000, 0x000000070dc00000| Complete 
|  93|0x000000070dd00000, 0x000000070de00000, 0x000000070de00000|100%| O|  |TAMS 0x000000070de00000, 0x000000070dd00000| Complete 
|  94|0x000000070de00000, 0x000000070df00000, 0x000000070df00000|100%| O|  |TAMS 0x000000070df00000, 0x000000070de00000| Complete 
|  95|0x000000070df00000, 0x000000070e000000, 0x000000070e000000|100%| O|  |TAMS 0x000000070e000000, 0x000000070df00000| Complete 
|  96|0x000000070e000000, 0x000000070e100000, 0x000000070e100000|100%| O|  |TAMS 0x000000070e100000, 0x000000070e000000| Complete 
|  97|0x000000070e100000, 0x000000070e200000, 0x000000070e200000|100%| O|  |TAMS 0x000000070e200000, 0x000000070e100000| Complete 
|  98|0x000000070e200000, 0x000000070e300000, 0x000000070e300000|100%| O|  |TAMS 0x000000070e300000, 0x000000070e200000| Complete 
|  99|0x000000070e300000, 0x000000070e400000, 0x000000070e400000|100%| O|  |TAMS 0x000000070e400000, 0x000000070e300000| Complete 
| 100|0x000000070e400000, 0x000000070e500000, 0x000000070e500000|100%| O|  |TAMS 0x000000070e500000, 0x000000070e400000| Complete 
| 101|0x000000070e500000, 0x000000070e600000, 0x000000070e600000|100%| O|  |TAMS 0x000000070e600000, 0x000000070e500000| Complete 
| 102|0x000000070e600000, 0x000000070e700000, 0x000000070e700000|100%| O|  |TAMS 0x000000070e700000, 0x000000070e600000| Complete 
| 103|0x000000070e700000, 0x000000070e800000, 0x000000070e800000|100%| O|  |TAMS 0x000000070e800000, 0x000000070e700000| Complete 
| 104|0x000000070e800000, 0x000000070e900000, 0x000000070e900000|100%| O|  |TAMS 0x000000070e900000, 0x000000070e800000| Complete 
| 105|0x000000070e900000, 0x000000070ea00000, 0x000000070ea00000|100%| O|  |TAMS 0x000000070ea00000, 0x000000070e900000| Complete 
| 106|0x000000070ea00000, 0x000000070eb00000, 0x000000070eb00000|100%| O|  |TAMS 0x000000070eb00000, 0x000000070ea00000| Complete 
| 107|0x000000070eb00000, 0x000000070ec00000, 0x000000070ec00000|100%| O|  |TAMS 0x000000070ec00000, 0x000000070eb00000| Complete 
| 108|0x000000070ec00000, 0x000000070ed00000, 0x000000070ed00000|100%| O|  |TAMS 0x000000070ed00000, 0x000000070ec00000| Complete 
| 109|0x000000070ed00000, 0x000000070ee00000, 0x000000070ee00000|100%| O|  |TAMS 0x000000070ee00000, 0x000000070ed00000| Complete 
| 110|0x000000070ee00000, 0x000000070ef00000, 0x000000070ef00000|100%| O|  |TAMS 0x000000070ef00000, 0x000000070ee00000| Complete 
| 111|0x000000070ef00000, 0x000000070f000000, 0x000000070f000000|100%| O|  |TAMS 0x000000070f000000, 0x000000070ef00000| Complete 
| 112|0x000000070f000000, 0x000000070f100000, 0x000000070f100000|100%| O|  |TAMS 0x000000070f100000, 0x000000070f000000| Complete 
| 113|0x000000070f100000, 0x000000070f200000, 0x000000070f200000|100%| O|  |TAMS 0x000000070f200000, 0x000000070f100000| Complete 
| 114|0x000000070f200000, 0x000000070f300000, 0x000000070f300000|100%| O|  |TAMS 0x000000070f300000, 0x000000070f200000| Complete 
| 115|0x000000070f300000, 0x000000070f400000, 0x000000070f400000|100%| O|  |TAMS 0x000000070f400000, 0x000000070f300000| Complete 
| 116|0x000000070f400000, 0x000000070f500000, 0x000000070f500000|100%| O|  |TAMS 0x000000070f500000, 0x000000070f400000| Complete 
| 117|0x000000070f500000, 0x000000070f600000, 0x000000070f600000|100%| O|  |TAMS 0x000000070f600000, 0x000000070f500000| Complete 
| 118|0x000000070f600000, 0x000000070f700000, 0x000000070f700000|100%| O|  |TAMS 0x000000070f700000, 0x000000070f600000| Complete 
| 119|0x000000070f700000, 0x000000070f800000, 0x000000070f800000|100%|HS|  |TAMS 0x000000070f800000, 0x000000070f700000| Complete 
| 120|0x000000070f800000, 0x000000070f900000, 0x000000070f900000|100%|HC|  |TAMS 0x000000070f900000, 0x000000070f800000| Complete 
| 121|0x000000070f900000, 0x000000070fa00000, 0x000000070fa00000|100%|HC|  |TAMS 0x000000070fa00000, 0x000000070f900000| Complete 
| 122|0x000000070fa00000, 0x000000070fb00000, 0x000000070fb00000|100%|HC|  |TAMS 0x000000070fb00000, 0x000000070fa00000| Complete 
| 123|0x000000070fb00000, 0x000000070fc00000, 0x000000070fc00000|100%|HC|  |TAMS 0x000000070fc00000, 0x000000070fb00000| Complete 
| 124|0x000000070fc00000, 0x000000070fd00000, 0x000000070fd00000|100%|HC|  |TAMS 0x000000070fd00000, 0x000000070fc00000| Complete 
| 125|0x000000070fd00000, 0x000000070fe00000, 0x000000070fe00000|100%|HC|  |TAMS 0x000000070fe00000, 0x000000070fd00000| Complete 
| 126|0x000000070fe00000, 0x000000070ff00000, 0x000000070ff00000|100%|HC|  |TAMS 0x000000070ff00000, 0x000000070fe00000| Complete 
| 127|0x000000070ff00000, 0x0000000710000000, 0x0000000710000000|100%|HC|  |TAMS 0x0000000710000000, 0x000000070ff00000| Complete 
| 128|0x0000000710000000, 0x0000000710100000, 0x0000000710100000|100%|HC|  |TAMS 0x0000000710100000, 0x0000000710000000| Complete 
| 129|0x0000000710100000, 0x0000000710200000, 0x0000000710200000|100%|HC|  |TAMS 0x0000000710200000, 0x0000000710100000| Complete 
| 130|0x0000000710200000, 0x0000000710300000, 0x0000000710300000|100%|HC|  |TAMS 0x0000000710300000, 0x0000000710200000| Complete 
| 131|0x0000000710300000, 0x0000000710400000, 0x0000000710400000|100%|HC|  |TAMS 0x0000000710400000, 0x0000000710300000| Complete 
| 132|0x0000000710400000, 0x0000000710500000, 0x0000000710500000|100%|HC|  |TAMS 0x0000000710500000, 0x0000000710400000| Complete 
| 133|0x0000000710500000, 0x0000000710600000, 0x0000000710600000|100%|HC|  |TAMS 0x0000000710600000, 0x0000000710500000| Complete 
| 134|0x0000000710600000, 0x0000000710700000, 0x0000000710700000|100%|HC|  |TAMS 0x0000000710700000, 0x0000000710600000| Complete 
| 135|0x0000000710700000, 0x0000000710800000, 0x0000000710800000|100%|HC|  |TAMS 0x0000000710800000, 0x0000000710700000| Complete 
| 136|0x0000000710800000, 0x0000000710900000, 0x0000000710900000|100%|HC|  |TAMS 0x0000000710900000, 0x0000000710800000| Complete 
| 137|0x0000000710900000, 0x0000000710a00000, 0x0000000710a00000|100%|HC|  |TAMS 0x0000000710a00000, 0x0000000710900000| Complete 
| 138|0x0000000710a00000, 0x0000000710b00000, 0x0000000710b00000|100%|HC|  |TAMS 0x0000000710b00000, 0x0000000710a00000| Complete 
| 139|0x0000000710b00000, 0x0000000710c00000, 0x0000000710c00000|100%|HC|  |TAMS 0x0000000710c00000, 0x0000000710b00000| Complete 
| 140|0x0000000710c00000, 0x0000000710d00000, 0x0000000710d00000|100%|HC|  |TAMS 0x0000000710d00000, 0x0000000710c00000| Complete 
| 141|0x0000000710d00000, 0x0000000710e00000, 0x0000000710e00000|100%|HC|  |TAMS 0x0000000710e00000, 0x0000000710d00000| Complete 
| 142|0x0000000710e00000, 0x0000000710f00000, 0x0000000710f00000|100%|HC|  |TAMS 0x0000000710f00000, 0x0000000710e00000| Complete 
| 143|0x0000000710f00000, 0x0000000711000000, 0x0000000711000000|100%|HC|  |TAMS 0x0000000711000000, 0x0000000710f00000| Complete 
| 144|0x0000000711000000, 0x0000000711100000, 0x0000000711100000|100%|HC|  |TAMS 0x0000000711100000, 0x0000000711000000| Complete 
| 145|0x0000000711100000, 0x0000000711200000, 0x0000000711200000|100%|HC|  |TAMS 0x0000000711200000, 0x0000000711100000| Complete 
| 146|0x0000000711200000, 0x0000000711300000, 0x0000000711300000|100%|HC|  |TAMS 0x0000000711300000, 0x0000000711200000| Complete 
| 147|0x0000000711300000, 0x0000000711400000, 0x0000000711400000|100%|HC|  |TAMS 0x0000000711400000, 0x0000000711300000| Complete 
| 148|0x0000000711400000, 0x0000000711500000, 0x0000000711500000|100%|HC|  |TAMS 0x0000000711500000, 0x0000000711400000| Complete 
| 149|0x0000000711500000, 0x0000000711600000, 0x0000000711600000|100%|HC|  |TAMS 0x0000000711600000, 0x0000000711500000| Complete 
| 150|0x0000000711600000, 0x0000000711700000, 0x0000000711700000|100%|HC|  |TAMS 0x0000000711700000, 0x0000000711600000| Complete 
| 151|0x0000000711700000, 0x0000000711800000, 0x0000000711800000|100%|HC|  |TAMS 0x0000000711800000, 0x0000000711700000| Complete 
| 152|0x0000000711800000, 0x0000000711900000, 0x0000000711900000|100%| O|  |TAMS 0x0000000711900000, 0x0000000711800000| Complete 
| 153|0x0000000711900000, 0x0000000711a00000, 0x0000000711a00000|100%| O|  |TAMS 0x0000000711a00000, 0x0000000711900000| Complete 
| 154|0x0000000711a00000, 0x0000000711b00000, 0x0000000711b00000|100%| O|  |TAMS 0x0000000711b00000, 0x0000000711a00000| Complete 
| 155|0x0000000711b00000, 0x0000000711c00000, 0x0000000711c00000|100%| O|  |TAMS 0x0000000711c00000, 0x0000000711b00000| Complete 
| 156|0x0000000711c00000, 0x0000000711d00000, 0x0000000711d00000|100%| O|  |TAMS 0x0000000711d00000, 0x0000000711c00000| Complete 
| 157|0x0000000711d00000, 0x0000000711d00000, 0x0000000711e00000|  0%| F|  |TAMS 0x0000000711d00000, 0x0000000711d00000| Untracked 
| 158|0x0000000711e00000, 0x0000000711f00000, 0x0000000711f00000|100%| O|  |TAMS 0x0000000711f00000, 0x0000000711e00000| Complete 
| 159|0x0000000711f00000, 0x0000000712000000, 0x0000000712000000|100%| O|  |TAMS 0x0000000712000000, 0x0000000711f00000| Complete 
| 160|0x0000000712000000, 0x0000000712100000, 0x0000000712100000|100%| O|  |TAMS 0x0000000712100000, 0x0000000712000000| Complete 
| 161|0x0000000712100000, 0x0000000712200000, 0x0000000712200000|100%| O|  |TAMS 0x0000000712200000, 0x0000000712100000| Complete 
| 162|0x0000000712200000, 0x0000000712300000, 0x0000000712300000|100%| O|  |TAMS 0x0000000712300000, 0x0000000712200000| Complete 
| 163|0x0000000712300000, 0x0000000712400000, 0x0000000712400000|100%| O|  |TAMS 0x0000000712400000, 0x0000000712300000| Complete 
| 164|0x0000000712400000, 0x0000000712500000, 0x0000000712500000|100%| O|  |TAMS 0x0000000712500000, 0x0000000712400000| Complete 
| 165|0x0000000712500000, 0x0000000712600000, 0x0000000712600000|100%| O|  |TAMS 0x0000000712600000, 0x0000000712500000| Complete 
| 166|0x0000000712600000, 0x0000000712700000, 0x0000000712700000|100%| O|  |TAMS 0x0000000712700000, 0x0000000712600000| Complete 
| 167|0x0000000712700000, 0x0000000712800000, 0x0000000712800000|100%| O|  |TAMS 0x0000000712800000, 0x0000000712700000| Complete 
| 168|0x0000000712800000, 0x0000000712800000, 0x0000000712900000|  0%| F|  |TAMS 0x0000000712800000, 0x0000000712800000| Untracked 
| 169|0x0000000712900000, 0x0000000712900000, 0x0000000712a00000|  0%| F|  |TAMS 0x0000000712900000, 0x0000000712900000| Untracked 
| 170|0x0000000712a00000, 0x0000000712a00000, 0x0000000712b00000|  0%| F|  |TAMS 0x0000000712a00000, 0x0000000712a00000| Untracked 
| 171|0x0000000712b00000, 0x0000000712c00000, 0x0000000712c00000|100%| O|  |TAMS 0x0000000712c00000, 0x0000000712b00000| Complete 
| 172|0x0000000712c00000, 0x0000000712c00000, 0x0000000712d00000|  0%| F|  |TAMS 0x0000000712c00000, 0x0000000712c00000| Untracked 
| 173|0x0000000712d00000, 0x0000000712e00000, 0x0000000712e00000|100%| O|  |TAMS 0x0000000712e00000, 0x0000000712d00000| Complete 
| 174|0x0000000712e00000, 0x0000000712f00000, 0x0000000712f00000|100%| O|  |TAMS 0x0000000712f00000, 0x0000000712e00000| Complete 
| 175|0x0000000712f00000, 0x0000000712f00000, 0x0000000713000000|  0%| F|  |TAMS 0x0000000712f00000, 0x0000000712f00000| Untracked 
| 176|0x0000000713000000, 0x0000000713000000, 0x0000000713100000|  0%| F|  |TAMS 0x0000000713000000, 0x0000000713000000| Untracked 
| 177|0x0000000713100000, 0x0000000713100000, 0x0000000713200000|  0%| F|  |TAMS 0x0000000713100000, 0x0000000713100000| Untracked 
| 178|0x0000000713200000, 0x0000000713200000, 0x0000000713300000|  0%| F|  |TAMS 0x0000000713200000, 0x0000000713200000| Untracked 
| 179|0x0000000713300000, 0x0000000713300000, 0x0000000713400000|  0%| F|  |TAMS 0x0000000713300000, 0x0000000713300000| Untracked 
| 180|0x0000000713400000, 0x0000000713400000, 0x0000000713500000|  0%| F|  |TAMS 0x0000000713400000, 0x0000000713400000| Untracked 
| 181|0x0000000713500000, 0x0000000713500000, 0x0000000713600000|  0%| F|  |TAMS 0x0000000713500000, 0x0000000713500000| Untracked 
| 182|0x0000000713600000, 0x0000000713600000, 0x0000000713700000|  0%| F|  |TAMS 0x0000000713600000, 0x0000000713600000| Untracked 
| 183|0x0000000713700000, 0x0000000713800000, 0x0000000713800000|100%| O|  |TAMS 0x0000000713800000, 0x0000000713700000| Complete 
| 184|0x0000000713800000, 0x0000000713800000, 0x0000000713900000|  0%| F|  |TAMS 0x0000000713800000, 0x0000000713800000| Untracked 
| 185|0x0000000713900000, 0x0000000713900000, 0x0000000713a00000|  0%| F|  |TAMS 0x0000000713900000, 0x0000000713900000| Untracked 
| 186|0x0000000713a00000, 0x0000000713a00000, 0x0000000713b00000|  0%| F|  |TAMS 0x0000000713a00000, 0x0000000713a00000| Untracked 
| 187|0x0000000713b00000, 0x0000000713c00000, 0x0000000713c00000|100%| O|  |TAMS 0x0000000713c00000, 0x0000000713b00000| Complete 
| 188|0x0000000713c00000, 0x0000000713d00000, 0x0000000713d00000|100%| O|  |TAMS 0x0000000713d00000, 0x0000000713c00000| Complete 
| 189|0x0000000713d00000, 0x0000000713d00000, 0x0000000713e00000|  0%| F|  |TAMS 0x0000000713d00000, 0x0000000713d00000| Untracked 
| 190|0x0000000713e00000, 0x0000000713e00000, 0x0000000713f00000|  0%| F|  |TAMS 0x0000000713e00000, 0x0000000713e00000| Untracked 
| 191|0x0000000713f00000, 0x0000000713f00000, 0x0000000714000000|  0%| F|  |TAMS 0x0000000713f00000, 0x0000000713f00000| Untracked 
| 192|0x0000000714000000, 0x0000000714000000, 0x0000000714100000|  0%| F|  |TAMS 0x0000000714000000, 0x0000000714000000| Untracked 
| 193|0x0000000714100000, 0x0000000714100000, 0x0000000714200000|  0%| F|  |TAMS 0x0000000714100000, 0x0000000714100000| Untracked 
| 194|0x0000000714200000, 0x0000000714200000, 0x0000000714300000|  0%| F|  |TAMS 0x0000000714200000, 0x0000000714200000| Untracked 
| 195|0x0000000714300000, 0x0000000714400000, 0x0000000714400000|100%| O|  |TAMS 0x0000000714400000, 0x0000000714300000| Complete 
| 196|0x0000000714400000, 0x0000000714400000, 0x0000000714500000|  0%| F|  |TAMS 0x0000000714400000, 0x0000000714400000| Untracked 
| 197|0x0000000714500000, 0x0000000714500000, 0x0000000714600000|  0%| F|  |TAMS 0x0000000714500000, 0x0000000714500000| Untracked 
| 198|0x0000000714600000, 0x0000000714700000, 0x0000000714700000|100%| O|  |TAMS 0x0000000714700000, 0x0000000714600000| Complete 
| 199|0x0000000714700000, 0x0000000714800000, 0x0000000714800000|100%| O|  |TAMS 0x0000000714800000, 0x0000000714700000| Complete 
| 200|0x0000000714800000, 0x0000000714900000, 0x0000000714900000|100%| O|  |TAMS 0x0000000714900000, 0x0000000714800000| Complete 
| 201|0x0000000714900000, 0x0000000714a00000, 0x0000000714a00000|100%| O|  |TAMS 0x0000000714a00000, 0x0000000714900000| Complete 
| 202|0x0000000714a00000, 0x0000000714b00000, 0x0000000714b00000|100%| O|  |TAMS 0x0000000714b00000, 0x0000000714a00000| Complete 
| 203|0x0000000714b00000, 0x0000000714c00000, 0x0000000714c00000|100%| O|  |TAMS 0x0000000714c00000, 0x0000000714b00000| Complete 
| 204|0x0000000714c00000, 0x0000000714d00000, 0x0000000714d00000|100%| O|  |TAMS 0x0000000714d00000, 0x0000000714c00000| Complete 
| 205|0x0000000714d00000, 0x0000000714e00000, 0x0000000714e00000|100%| O|  |TAMS 0x0000000714e00000, 0x0000000714d00000| Complete 
| 206|0x0000000714e00000, 0x0000000714f00000, 0x0000000714f00000|100%| O|  |TAMS 0x0000000714f00000, 0x0000000714e00000| Complete 
| 207|0x0000000714f00000, 0x0000000715000000, 0x0000000715000000|100%| O|  |TAMS 0x0000000715000000, 0x0000000714f00000| Complete 
| 208|0x0000000715000000, 0x0000000715100000, 0x0000000715100000|100%| O|  |TAMS 0x0000000715100000, 0x0000000715000000| Complete 
| 209|0x0000000715100000, 0x0000000715200000, 0x0000000715200000|100%| O|  |TAMS 0x0000000715200000, 0x0000000715100000| Complete 
| 210|0x0000000715200000, 0x0000000715300000, 0x0000000715300000|100%| O|  |TAMS 0x0000000715300000, 0x0000000715200000| Complete 
| 211|0x0000000715300000, 0x0000000715400000, 0x0000000715400000|100%| O|  |TAMS 0x0000000715400000, 0x0000000715300000| Complete 
| 212|0x0000000715400000, 0x0000000715500000, 0x0000000715500000|100%| O|  |TAMS 0x0000000715500000, 0x0000000715400000| Complete 
| 213|0x0000000715500000, 0x0000000715600000, 0x0000000715600000|100%| O|  |TAMS 0x0000000715600000, 0x0000000715500000| Complete 
| 214|0x0000000715600000, 0x0000000715700000, 0x0000000715700000|100%| O|  |TAMS 0x0000000715700000, 0x0000000715600000| Complete 
| 215|0x0000000715700000, 0x0000000715800000, 0x0000000715800000|100%| O|  |TAMS 0x0000000715800000, 0x0000000715700000| Complete 
| 216|0x0000000715800000, 0x0000000715900000, 0x0000000715900000|100%| O|  |TAMS 0x0000000715900000, 0x0000000715800000| Complete 
| 217|0x0000000715900000, 0x0000000715a00000, 0x0000000715a00000|100%| O|  |TAMS 0x0000000715a00000, 0x0000000715900000| Complete 
| 218|0x0000000715a00000, 0x0000000715b00000, 0x0000000715b00000|100%| O|  |TAMS 0x0000000715b00000, 0x0000000715a00000| Complete 
| 219|0x0000000715b00000, 0x0000000715c00000, 0x0000000715c00000|100%| O|  |TAMS 0x0000000715c00000, 0x0000000715b00000| Complete 
| 220|0x0000000715c00000, 0x0000000715d00000, 0x0000000715d00000|100%| O|  |TAMS 0x0000000715d00000, 0x0000000715c00000| Complete 
| 221|0x0000000715d00000, 0x0000000715e00000, 0x0000000715e00000|100%| O|  |TAMS 0x0000000715e00000, 0x0000000715d00000| Complete 
| 222|0x0000000715e00000, 0x0000000715f00000, 0x0000000715f00000|100%| O|  |TAMS 0x0000000715f00000, 0x0000000715e00000| Complete 
| 223|0x0000000715f00000, 0x0000000716000000, 0x0000000716000000|100%| O|  |TAMS 0x0000000716000000, 0x0000000715f00000| Complete 
| 224|0x0000000716000000, 0x0000000716100000, 0x0000000716100000|100%| O|  |TAMS 0x0000000716100000, 0x0000000716000000| Complete 
| 225|0x0000000716100000, 0x0000000716200000, 0x0000000716200000|100%| O|  |TAMS 0x0000000716200000, 0x0000000716100000| Complete 
| 226|0x0000000716200000, 0x0000000716300000, 0x0000000716300000|100%| O|  |TAMS 0x0000000716300000, 0x0000000716200000| Complete 
| 227|0x0000000716300000, 0x0000000716400000, 0x0000000716400000|100%| O|  |TAMS 0x0000000716400000, 0x0000000716300000| Complete 
| 228|0x0000000716400000, 0x0000000716500000, 0x0000000716500000|100%| O|  |TAMS 0x0000000716500000, 0x0000000716400000| Complete 
| 229|0x0000000716500000, 0x0000000716600000, 0x0000000716600000|100%| O|  |TAMS 0x0000000716600000, 0x0000000716500000| Complete 
| 230|0x0000000716600000, 0x0000000716700000, 0x0000000716700000|100%| O|  |TAMS 0x0000000716700000, 0x0000000716600000| Complete 
| 231|0x0000000716700000, 0x0000000716800000, 0x0000000716800000|100%| O|  |TAMS 0x0000000716800000, 0x0000000716700000| Complete 
| 232|0x0000000716800000, 0x0000000716900000, 0x0000000716900000|100%| O|  |TAMS 0x0000000716900000, 0x0000000716800000| Complete 
| 233|0x0000000716900000, 0x0000000716a00000, 0x0000000716a00000|100%| O|  |TAMS 0x0000000716a00000, 0x0000000716900000| Complete 
| 234|0x0000000716a00000, 0x0000000716b00000, 0x0000000716b00000|100%| O|  |TAMS 0x0000000716b00000, 0x0000000716a00000| Complete 
| 235|0x0000000716b00000, 0x0000000716c00000, 0x0000000716c00000|100%| O|  |TAMS 0x0000000716c00000, 0x0000000716b00000| Complete 
| 236|0x0000000716c00000, 0x0000000716d00000, 0x0000000716d00000|100%| O|  |TAMS 0x0000000716d00000, 0x0000000716c00000| Complete 
| 237|0x0000000716d00000, 0x0000000716e00000, 0x0000000716e00000|100%| O|  |TAMS 0x0000000716e00000, 0x0000000716d00000| Complete 
| 238|0x0000000716e00000, 0x0000000716f00000, 0x0000000716f00000|100%| O|  |TAMS 0x0000000716f00000, 0x0000000716e00000| Complete 
| 239|0x0000000716f00000, 0x0000000717000000, 0x0000000717000000|100%| O|  |TAMS 0x0000000717000000, 0x0000000716f00000| Complete 
| 240|0x0000000717000000, 0x0000000717100000, 0x0000000717100000|100%| O|  |TAMS 0x0000000717100000, 0x0000000717000000| Complete 
| 241|0x0000000717100000, 0x0000000717200000, 0x0000000717200000|100%| O|  |TAMS 0x0000000717200000, 0x0000000717100000| Complete 
| 242|0x0000000717200000, 0x0000000717300000, 0x0000000717300000|100%| O|  |TAMS 0x0000000717300000, 0x0000000717200000| Complete 
| 243|0x0000000717300000, 0x0000000717400000, 0x0000000717400000|100%| O|  |TAMS 0x0000000717400000, 0x0000000717300000| Complete 
| 244|0x0000000717400000, 0x0000000717500000, 0x0000000717500000|100%| O|  |TAMS 0x0000000717500000, 0x0000000717400000| Complete 
| 245|0x0000000717500000, 0x0000000717600000, 0x0000000717600000|100%| O|  |TAMS 0x0000000717600000, 0x0000000717500000| Complete 
| 246|0x0000000717600000, 0x0000000717700000, 0x0000000717700000|100%| O|  |TAMS 0x0000000717700000, 0x0000000717600000| Complete 
| 247|0x0000000717700000, 0x0000000717800000, 0x0000000717800000|100%| O|  |TAMS 0x0000000717800000, 0x0000000717700000| Complete 
| 248|0x0000000717800000, 0x0000000717900000, 0x0000000717900000|100%| O|  |TAMS 0x0000000717900000, 0x0000000717800000| Complete 
| 249|0x0000000717900000, 0x0000000717a00000, 0x0000000717a00000|100%| O|  |TAMS 0x0000000717a00000, 0x0000000717900000| Complete 
| 250|0x0000000717a00000, 0x0000000717b00000, 0x0000000717b00000|100%| O|  |TAMS 0x0000000717b00000, 0x0000000717a00000| Complete 
| 251|0x0000000717b00000, 0x0000000717c00000, 0x0000000717c00000|100%| O|  |TAMS 0x0000000717c00000, 0x0000000717b00000| Complete 
| 252|0x0000000717c00000, 0x0000000717d00000, 0x0000000717d00000|100%| O|  |TAMS 0x0000000717d00000, 0x0000000717c00000| Complete 
| 253|0x0000000717d00000, 0x0000000717e00000, 0x0000000717e00000|100%| O|  |TAMS 0x0000000717e00000, 0x0000000717d00000| Complete 
| 254|0x0000000717e00000, 0x0000000717f00000, 0x0000000717f00000|100%| O|  |TAMS 0x0000000717f00000, 0x0000000717e00000| Complete 
| 255|0x0000000717f00000, 0x0000000718000000, 0x0000000718000000|100%| O|  |TAMS 0x0000000718000000, 0x0000000717f00000| Complete 
| 256|0x0000000718000000, 0x0000000718100000, 0x0000000718100000|100%| O|  |TAMS 0x0000000718100000, 0x0000000718000000| Complete 
| 257|0x0000000718100000, 0x0000000718200000, 0x0000000718200000|100%| O|  |TAMS 0x0000000718200000, 0x0000000718100000| Complete 
| 258|0x0000000718200000, 0x0000000718300000, 0x0000000718300000|100%| O|  |TAMS 0x0000000718300000, 0x0000000718200000| Complete 
| 259|0x0000000718300000, 0x0000000718400000, 0x0000000718400000|100%| O|  |TAMS 0x0000000718400000, 0x0000000718300000| Complete 
| 260|0x0000000718400000, 0x0000000718500000, 0x0000000718500000|100%| O|  |TAMS 0x0000000718500000, 0x0000000718400000| Complete 
| 261|0x0000000718500000, 0x0000000718600000, 0x0000000718600000|100%| O|  |TAMS 0x0000000718600000, 0x0000000718500000| Complete 
| 262|0x0000000718600000, 0x0000000718700000, 0x0000000718700000|100%| O|  |TAMS 0x0000000718700000, 0x0000000718600000| Complete 
| 263|0x0000000718700000, 0x0000000718800000, 0x0000000718800000|100%| O|  |TAMS 0x0000000718800000, 0x0000000718700000| Complete 
| 264|0x0000000718800000, 0x0000000718900000, 0x0000000718900000|100%| O|  |TAMS 0x0000000718900000, 0x0000000718800000| Complete 
| 265|0x0000000718900000, 0x0000000718a00000, 0x0000000718a00000|100%| O|  |TAMS 0x0000000718a00000, 0x0000000718900000| Complete 
| 266|0x0000000718a00000, 0x0000000718b00000, 0x0000000718b00000|100%| O|  |TAMS 0x0000000718b00000, 0x0000000718a00000| Complete 
| 267|0x0000000718b00000, 0x0000000718c00000, 0x0000000718c00000|100%| O|  |TAMS 0x0000000718c00000, 0x0000000718b00000| Complete 
| 268|0x0000000718c00000, 0x0000000718d00000, 0x0000000718d00000|100%| O|  |TAMS 0x0000000718d00000, 0x0000000718c00000| Complete 
| 269|0x0000000718d00000, 0x0000000718e00000, 0x0000000718e00000|100%| O|  |TAMS 0x0000000718e00000, 0x0000000718d00000| Complete 
| 270|0x0000000718e00000, 0x0000000718f00000, 0x0000000718f00000|100%| O|  |TAMS 0x0000000718f00000, 0x0000000718e00000| Complete 
| 271|0x0000000718f00000, 0x0000000719000000, 0x0000000719000000|100%| O|  |TAMS 0x0000000719000000, 0x0000000718f00000| Complete 
| 272|0x0000000719000000, 0x0000000719100000, 0x0000000719100000|100%| O|  |TAMS 0x0000000719100000, 0x0000000719000000| Complete 
| 273|0x0000000719100000, 0x0000000719200000, 0x0000000719200000|100%| O|  |TAMS 0x0000000719200000, 0x0000000719100000| Complete 
| 274|0x0000000719200000, 0x0000000719300000, 0x0000000719300000|100%| O|  |TAMS 0x0000000719300000, 0x0000000719200000| Complete 
| 275|0x0000000719300000, 0x0000000719400000, 0x0000000719400000|100%| O|  |TAMS 0x0000000719400000, 0x0000000719300000| Complete 
| 276|0x0000000719400000, 0x0000000719500000, 0x0000000719500000|100%| O|  |TAMS 0x0000000719500000, 0x0000000719400000| Complete 
| 277|0x0000000719500000, 0x0000000719600000, 0x0000000719600000|100%| O|  |TAMS 0x0000000719600000, 0x0000000719500000| Complete 
| 278|0x0000000719600000, 0x0000000719700000, 0x0000000719700000|100%| O|  |TAMS 0x0000000719700000, 0x0000000719600000| Complete 
| 279|0x0000000719700000, 0x0000000719800000, 0x0000000719800000|100%| O|  |TAMS 0x0000000719800000, 0x0000000719700000| Complete 
| 280|0x0000000719800000, 0x0000000719900000, 0x0000000719900000|100%| O|  |TAMS 0x0000000719900000, 0x0000000719800000| Complete 
| 281|0x0000000719900000, 0x0000000719a00000, 0x0000000719a00000|100%| O|  |TAMS 0x0000000719a00000, 0x0000000719900000| Complete 
| 282|0x0000000719a00000, 0x0000000719b00000, 0x0000000719b00000|100%| O|  |TAMS 0x0000000719b00000, 0x0000000719a00000| Complete 
| 283|0x0000000719b00000, 0x0000000719c00000, 0x0000000719c00000|100%| O|  |TAMS 0x0000000719c00000, 0x0000000719b00000| Complete 
| 284|0x0000000719c00000, 0x0000000719d00000, 0x0000000719d00000|100%| O|  |TAMS 0x0000000719d00000, 0x0000000719c00000| Complete 
| 285|0x0000000719d00000, 0x0000000719e00000, 0x0000000719e00000|100%| O|  |TAMS 0x0000000719e00000, 0x0000000719d00000| Complete 
| 286|0x0000000719e00000, 0x0000000719f00000, 0x0000000719f00000|100%| O|  |TAMS 0x0000000719f00000, 0x0000000719e00000| Complete 
| 287|0x0000000719f00000, 0x000000071a000000, 0x000000071a000000|100%| O|  |TAMS 0x000000071a000000, 0x0000000719f00000| Complete 
| 288|0x000000071a000000, 0x000000071a100000, 0x000000071a100000|100%| O|  |TAMS 0x000000071a100000, 0x000000071a000000| Complete 
| 289|0x000000071a100000, 0x000000071a200000, 0x000000071a200000|100%| O|  |TAMS 0x000000071a200000, 0x000000071a100000| Complete 
| 290|0x000000071a200000, 0x000000071a300000, 0x000000071a300000|100%| O|  |TAMS 0x000000071a300000, 0x000000071a200000| Complete 
| 291|0x000000071a300000, 0x000000071a400000, 0x000000071a400000|100%| O|  |TAMS 0x000000071a400000, 0x000000071a300000| Complete 
| 292|0x000000071a400000, 0x000000071a500000, 0x000000071a500000|100%| O|  |TAMS 0x000000071a500000, 0x000000071a400000| Complete 
| 293|0x000000071a500000, 0x000000071a600000, 0x000000071a600000|100%| O|  |TAMS 0x000000071a600000, 0x000000071a500000| Complete 
| 294|0x000000071a600000, 0x000000071a700000, 0x000000071a700000|100%| O|  |TAMS 0x000000071a700000, 0x000000071a600000| Complete 
| 295|0x000000071a700000, 0x000000071a800000, 0x000000071a800000|100%| O|  |TAMS 0x000000071a800000, 0x000000071a700000| Complete 
| 296|0x000000071a800000, 0x000000071a900000, 0x000000071a900000|100%| O|  |TAMS 0x000000071a900000, 0x000000071a800000| Complete 
| 297|0x000000071a900000, 0x000000071aa00000, 0x000000071aa00000|100%| O|  |TAMS 0x000000071aa00000, 0x000000071a900000| Complete 
| 298|0x000000071aa00000, 0x000000071ab00000, 0x000000071ab00000|100%| O|  |TAMS 0x000000071ab00000, 0x000000071aa00000| Complete 
| 299|0x000000071ab00000, 0x000000071ab00000, 0x000000071ac00000|  0%| F|  |TAMS 0x000000071ab00000, 0x000000071ab00000| Untracked 
| 300|0x000000071ac00000, 0x000000071ad00000, 0x000000071ad00000|100%| O|  |TAMS 0x000000071ad00000, 0x000000071ac00000| Complete 
| 301|0x000000071ad00000, 0x000000071ad00000, 0x000000071ae00000|  0%| F|  |TAMS 0x000000071ad00000, 0x000000071ad00000| Untracked 
| 302|0x000000071ae00000, 0x000000071ae00000, 0x000000071af00000|  0%| F|  |TAMS 0x000000071ae00000, 0x000000071ae00000| Untracked 
| 303|0x000000071af00000, 0x000000071b000000, 0x000000071b000000|100%| O|  |TAMS 0x000000071b000000, 0x000000071af00000| Complete 
| 304|0x000000071b000000, 0x000000071b000000, 0x000000071b100000|  0%| F|  |TAMS 0x000000071b000000, 0x000000071b000000| Untracked 
| 305|0x000000071b100000, 0x000000071b100000, 0x000000071b200000|  0%| F|  |TAMS 0x000000071b100000, 0x000000071b100000| Untracked 
| 306|0x000000071b200000, 0x000000071b300000, 0x000000071b300000|100%| O|  |TAMS 0x000000071b300000, 0x000000071b200000| Complete 
| 307|0x000000071b300000, 0x000000071b400000, 0x000000071b400000|100%| O|  |TAMS 0x000000071b400000, 0x000000071b300000| Complete 
| 308|0x000000071b400000, 0x000000071b500000, 0x000000071b500000|100%| O|  |TAMS 0x000000071b500000, 0x000000071b400000| Complete 
| 309|0x000000071b500000, 0x000000071b600000, 0x000000071b600000|100%| O|  |TAMS 0x000000071b600000, 0x000000071b500000| Complete 
| 310|0x000000071b600000, 0x000000071b700000, 0x000000071b700000|100%| O|  |TAMS 0x000000071b700000, 0x000000071b600000| Complete 
| 311|0x000000071b700000, 0x000000071b700000, 0x000000071b800000|  0%| F|  |TAMS 0x000000071b700000, 0x000000071b700000| Untracked 
| 312|0x000000071b800000, 0x000000071b900000, 0x000000071b900000|100%| O|  |TAMS 0x000000071b900000, 0x000000071b800000| Complete 
| 313|0x000000071b900000, 0x000000071ba00000, 0x000000071ba00000|100%| O|  |TAMS 0x000000071ba00000, 0x000000071b900000| Complete 
| 314|0x000000071ba00000, 0x000000071bb00000, 0x000000071bb00000|100%| O|  |TAMS 0x000000071bb00000, 0x000000071ba00000| Complete 
| 315|0x000000071bb00000, 0x000000071bc00000, 0x000000071bc00000|100%| O|  |TAMS 0x000000071bc00000, 0x000000071bb00000| Complete 
| 316|0x000000071bc00000, 0x000000071bc00000, 0x000000071bd00000|  0%| F|  |TAMS 0x000000071bc00000, 0x000000071bc00000| Untracked 
| 317|0x000000071bd00000, 0x000000071bd00000, 0x000000071be00000|  0%| F|  |TAMS 0x000000071bd00000, 0x000000071bd00000| Untracked 
| 318|0x000000071be00000, 0x000000071be00000, 0x000000071bf00000|  0%| F|  |TAMS 0x000000071be00000, 0x000000071be00000| Untracked 
| 319|0x000000071bf00000, 0x000000071c000000, 0x000000071c000000|100%| O|  |TAMS 0x000000071c000000, 0x000000071bf00000| Complete 
| 320|0x000000071c000000, 0x000000071c100000, 0x000000071c100000|100%| O|  |TAMS 0x000000071c100000, 0x000000071c000000| Complete 
| 321|0x000000071c100000, 0x000000071c200000, 0x000000071c200000|100%| O|  |TAMS 0x000000071c200000, 0x000000071c100000| Complete 
| 322|0x000000071c200000, 0x000000071c200000, 0x000000071c300000|  0%| F|  |TAMS 0x000000071c200000, 0x000000071c200000| Untracked 
| 323|0x000000071c300000, 0x000000071c400000, 0x000000071c400000|100%| O|  |TAMS 0x000000071c400000, 0x000000071c300000| Complete 
| 324|0x000000071c400000, 0x000000071c500000, 0x000000071c500000|100%| O|  |TAMS 0x000000071c500000, 0x000000071c400000| Complete 
| 325|0x000000071c500000, 0x000000071c600000, 0x000000071c600000|100%| O|  |TAMS 0x000000071c600000, 0x000000071c500000| Complete 
| 326|0x000000071c600000, 0x000000071c700000, 0x000000071c700000|100%| O|  |TAMS 0x000000071c700000, 0x000000071c600000| Complete 
| 327|0x000000071c700000, 0x000000071c800000, 0x000000071c800000|100%| O|  |TAMS 0x000000071c800000, 0x000000071c700000| Complete 
| 328|0x000000071c800000, 0x000000071c900000, 0x000000071c900000|100%| O|  |TAMS 0x000000071c900000, 0x000000071c800000| Complete 
| 329|0x000000071c900000, 0x000000071ca00000, 0x000000071ca00000|100%| O|  |TAMS 0x000000071ca00000, 0x000000071c900000| Complete 
| 330|0x000000071ca00000, 0x000000071cb00000, 0x000000071cb00000|100%| O|  |TAMS 0x000000071cb00000, 0x000000071ca00000| Complete 
| 331|0x000000071cb00000, 0x000000071cc00000, 0x000000071cc00000|100%| O|  |TAMS 0x000000071cc00000, 0x000000071cb00000| Complete 
| 332|0x000000071cc00000, 0x000000071cd00000, 0x000000071cd00000|100%| O|  |TAMS 0x000000071cd00000, 0x000000071cc00000| Complete 
| 333|0x000000071cd00000, 0x000000071ce00000, 0x000000071ce00000|100%| O|  |TAMS 0x000000071ce00000, 0x000000071cd00000| Complete 
| 334|0x000000071ce00000, 0x000000071cf00000, 0x000000071cf00000|100%| O|  |TAMS 0x000000071cf00000, 0x000000071ce00000| Complete 
| 335|0x000000071cf00000, 0x000000071d000000, 0x000000071d000000|100%| O|  |TAMS 0x000000071d000000, 0x000000071cf00000| Complete 
| 336|0x000000071d000000, 0x000000071d100000, 0x000000071d100000|100%| O|  |TAMS 0x000000071d100000, 0x000000071d000000| Complete 
| 337|0x000000071d100000, 0x000000071d200000, 0x000000071d200000|100%| O|  |TAMS 0x000000071d200000, 0x000000071d100000| Complete 
| 338|0x000000071d200000, 0x000000071d300000, 0x000000071d300000|100%| O|  |TAMS 0x000000071d300000, 0x000000071d200000| Complete 
| 339|0x000000071d300000, 0x000000071d400000, 0x000000071d400000|100%| O|  |TAMS 0x000000071d400000, 0x000000071d300000| Complete 
| 340|0x000000071d400000, 0x000000071d500000, 0x000000071d500000|100%| O|  |TAMS 0x000000071d500000, 0x000000071d400000| Complete 
| 341|0x000000071d500000, 0x000000071d600000, 0x000000071d600000|100%| O|  |TAMS 0x000000071d600000, 0x000000071d500000| Complete 
| 342|0x000000071d600000, 0x000000071d700000, 0x000000071d700000|100%| O|  |TAMS 0x000000071d700000, 0x000000071d600000| Complete 
| 343|0x000000071d700000, 0x000000071d800000, 0x000000071d800000|100%| O|  |TAMS 0x000000071d800000, 0x000000071d700000| Complete 
| 344|0x000000071d800000, 0x000000071d900000, 0x000000071d900000|100%| O|  |TAMS 0x000000071d900000, 0x000000071d800000| Complete 
| 345|0x000000071d900000, 0x000000071da00000, 0x000000071da00000|100%| O|  |TAMS 0x000000071da00000, 0x000000071d900000| Complete 
| 346|0x000000071da00000, 0x000000071db00000, 0x000000071db00000|100%| O|  |TAMS 0x000000071db00000, 0x000000071da00000| Complete 
| 347|0x000000071db00000, 0x000000071dc00000, 0x000000071dc00000|100%| O|  |TAMS 0x000000071db80000, 0x000000071db00000| Untracked 
| 348|0x000000071dc00000, 0x000000071dd00000, 0x000000071dd00000|100%|HS|  |TAMS 0x000000071dc00000, 0x000000071dc00000| Complete 
| 349|0x000000071dd00000, 0x000000071de00000, 0x000000071de00000|100%|HC|  |TAMS 0x000000071dd00000, 0x000000071dd00000| Complete 
| 350|0x000000071de00000, 0x000000071df00000, 0x000000071df00000|100%|HC|  |TAMS 0x000000071de00000, 0x000000071de00000| Complete 
| 351|0x000000071df00000, 0x000000071e000000, 0x000000071e000000|100%|HC|  |TAMS 0x000000071df00000, 0x000000071df00000| Complete 
| 352|0x000000071e000000, 0x000000071e100000, 0x000000071e100000|100%|HC|  |TAMS 0x000000071e000000, 0x000000071e000000| Complete 
| 353|0x000000071e100000, 0x000000071e200000, 0x000000071e200000|100%|HC|  |TAMS 0x000000071e100000, 0x000000071e100000| Complete 
| 354|0x000000071e200000, 0x000000071e300000, 0x000000071e300000|100%|HC|  |TAMS 0x000000071e200000, 0x000000071e200000| Complete 
| 355|0x000000071e300000, 0x000000071e400000, 0x000000071e400000|100%|HC|  |TAMS 0x000000071e300000, 0x000000071e300000| Complete 
| 356|0x000000071e400000, 0x000000071e500000, 0x000000071e500000|100%|HC|  |TAMS 0x000000071e400000, 0x000000071e400000| Complete 
| 357|0x000000071e500000, 0x000000071e600000, 0x000000071e600000|100%|HC|  |TAMS 0x000000071e500000, 0x000000071e500000| Complete 
| 358|0x000000071e600000, 0x000000071e700000, 0x000000071e700000|100%|HC|  |TAMS 0x000000071e600000, 0x000000071e600000| Complete 
| 359|0x000000071e700000, 0x000000071e800000, 0x000000071e800000|100%|HC|  |TAMS 0x000000071e700000, 0x000000071e700000| Complete 
| 360|0x000000071e800000, 0x000000071e900000, 0x000000071e900000|100%|HC|  |TAMS 0x000000071e800000, 0x000000071e800000| Complete 
| 361|0x000000071e900000, 0x000000071ea00000, 0x000000071ea00000|100%|HC|  |TAMS 0x000000071e900000, 0x000000071e900000| Complete 
| 362|0x000000071ea00000, 0x000000071eb00000, 0x000000071eb00000|100%|HC|  |TAMS 0x000000071ea00000, 0x000000071ea00000| Complete 
| 363|0x000000071eb00000, 0x000000071ec00000, 0x000000071ec00000|100%|HC|  |TAMS 0x000000071eb00000, 0x000000071eb00000| Complete 
| 364|0x000000071ec00000, 0x000000071ed00000, 0x000000071ed00000|100%|HC|  |TAMS 0x000000071ec00000, 0x000000071ec00000| Complete 
| 365|0x000000071ed00000, 0x000000071ee00000, 0x000000071ee00000|100%|HC|  |TAMS 0x000000071ed00000, 0x000000071ed00000| Complete 
| 366|0x000000071ee00000, 0x000000071ef00000, 0x000000071ef00000|100%|HC|  |TAMS 0x000000071ee00000, 0x000000071ee00000| Complete 
| 367|0x000000071ef00000, 0x000000071f000000, 0x000000071f000000|100%|HC|  |TAMS 0x000000071ef00000, 0x000000071ef00000| Complete 
| 368|0x000000071f000000, 0x000000071f100000, 0x000000071f100000|100%|HC|  |TAMS 0x000000071f000000, 0x000000071f000000| Complete 
| 369|0x000000071f100000, 0x000000071f200000, 0x000000071f200000|100%|HC|  |TAMS 0x000000071f100000, 0x000000071f100000| Complete 
| 370|0x000000071f200000, 0x000000071f300000, 0x000000071f300000|100%|HC|  |TAMS 0x000000071f200000, 0x000000071f200000| Complete 
| 371|0x000000071f300000, 0x000000071f400000, 0x000000071f400000|100%|HC|  |TAMS 0x000000071f300000, 0x000000071f300000| Complete 
| 372|0x000000071f400000, 0x000000071f500000, 0x000000071f500000|100%|HC|  |TAMS 0x000000071f400000, 0x000000071f400000| Complete 
| 373|0x000000071f500000, 0x000000071f600000, 0x000000071f600000|100%|HC|  |TAMS 0x000000071f500000, 0x000000071f500000| Complete 
| 374|0x000000071f600000, 0x000000071f700000, 0x000000071f700000|100%|HC|  |TAMS 0x000000071f600000, 0x000000071f600000| Complete 
| 375|0x000000071f700000, 0x000000071f800000, 0x000000071f800000|100%|HC|  |TAMS 0x000000071f700000, 0x000000071f700000| Complete 
| 376|0x000000071f800000, 0x000000071f900000, 0x000000071f900000|100%|HC|  |TAMS 0x000000071f800000, 0x000000071f800000| Complete 
| 377|0x000000071f900000, 0x000000071fa00000, 0x000000071fa00000|100%|HC|  |TAMS 0x000000071f900000, 0x000000071f900000| Complete 
| 378|0x000000071fa00000, 0x000000071fb00000, 0x000000071fb00000|100%|HC|  |TAMS 0x000000071fa00000, 0x000000071fa00000| Complete 
| 379|0x000000071fb00000, 0x000000071fc00000, 0x000000071fc00000|100%|HC|  |TAMS 0x000000071fb00000, 0x000000071fb00000| Complete 
| 380|0x000000071fc00000, 0x000000071fd00000, 0x000000071fd00000|100%|HC|  |TAMS 0x000000071fc00000, 0x000000071fc00000| Complete 
| 381|0x000000071fd00000, 0x000000071fe00000, 0x000000071fe00000|100%|HC|  |TAMS 0x000000071fd00000, 0x000000071fd00000| Complete 
| 382|0x000000071fe00000, 0x000000071ff00000, 0x000000071ff00000|100%|HC|  |TAMS 0x000000071fe00000, 0x000000071fe00000| Complete 
| 383|0x000000071ff00000, 0x0000000720000000, 0x0000000720000000|100%|HC|  |TAMS 0x000000071ff00000, 0x000000071ff00000| Complete 
| 384|0x0000000720000000, 0x0000000720100000, 0x0000000720100000|100%|HC|  |TAMS 0x0000000720000000, 0x0000000720000000| Complete 
| 385|0x0000000720100000, 0x0000000720200000, 0x0000000720200000|100%|HC|  |TAMS 0x0000000720100000, 0x0000000720100000| Complete 
| 386|0x0000000720200000, 0x0000000720300000, 0x0000000720300000|100%|HC|  |TAMS 0x0000000720200000, 0x0000000720200000| Complete 
| 387|0x0000000720300000, 0x0000000720400000, 0x0000000720400000|100%|HC|  |TAMS 0x0000000720300000, 0x0000000720300000| Complete 
| 388|0x0000000720400000, 0x0000000720500000, 0x0000000720500000|100%|HC|  |TAMS 0x0000000720400000, 0x0000000720400000| Complete 
| 389|0x0000000720500000, 0x0000000720600000, 0x0000000720600000|100%|HC|  |TAMS 0x0000000720500000, 0x0000000720500000| Complete 
| 390|0x0000000720600000, 0x0000000720700000, 0x0000000720700000|100%|HC|  |TAMS 0x0000000720600000, 0x0000000720600000| Complete 
| 391|0x0000000720700000, 0x0000000720800000, 0x0000000720800000|100%|HC|  |TAMS 0x0000000720700000, 0x0000000720700000| Complete 
| 392|0x0000000720800000, 0x0000000720900000, 0x0000000720900000|100%|HC|  |TAMS 0x0000000720800000, 0x0000000720800000| Complete 
| 393|0x0000000720900000, 0x0000000720a00000, 0x0000000720a00000|100%|HC|  |TAMS 0x0000000720900000, 0x0000000720900000| Complete 
| 394|0x0000000720a00000, 0x0000000720b00000, 0x0000000720b00000|100%|HC|  |TAMS 0x0000000720a00000, 0x0000000720a00000| Complete 
| 395|0x0000000720b00000, 0x0000000720c00000, 0x0000000720c00000|100%|HC|  |TAMS 0x0000000720b00000, 0x0000000720b00000| Complete 
| 396|0x0000000720c00000, 0x0000000720d00000, 0x0000000720d00000|100%|HC|  |TAMS 0x0000000720c00000, 0x0000000720c00000| Complete 
| 397|0x0000000720d00000, 0x0000000720e00000, 0x0000000720e00000|100%|HC|  |TAMS 0x0000000720d00000, 0x0000000720d00000| Complete 
| 398|0x0000000720e00000, 0x0000000720f00000, 0x0000000720f00000|100%|HC|  |TAMS 0x0000000720e00000, 0x0000000720e00000| Complete 
| 399|0x0000000720f00000, 0x0000000721000000, 0x0000000721000000|100%|HC|  |TAMS 0x0000000720f00000, 0x0000000720f00000| Complete 
| 400|0x0000000721000000, 0x0000000721100000, 0x0000000721100000|100%|HC|  |TAMS 0x0000000721000000, 0x0000000721000000| Complete 
| 401|0x0000000721100000, 0x0000000721200000, 0x0000000721200000|100%|HC|  |TAMS 0x0000000721100000, 0x0000000721100000| Complete 
| 402|0x0000000721200000, 0x0000000721300000, 0x0000000721300000|100%|HC|  |TAMS 0x0000000721200000, 0x0000000721200000| Complete 
| 403|0x0000000721300000, 0x0000000721400000, 0x0000000721400000|100%|HC|  |TAMS 0x0000000721300000, 0x0000000721300000| Complete 
| 404|0x0000000721400000, 0x0000000721500000, 0x0000000721500000|100%|HC|  |TAMS 0x0000000721400000, 0x0000000721400000| Complete 
| 405|0x0000000721500000, 0x0000000721600000, 0x0000000721600000|100%|HC|  |TAMS 0x0000000721500000, 0x0000000721500000| Complete 
| 406|0x0000000721600000, 0x0000000721700000, 0x0000000721700000|100%|HC|  |TAMS 0x0000000721600000, 0x0000000721600000| Complete 
| 407|0x0000000721700000, 0x0000000721800000, 0x0000000721800000|100%|HC|  |TAMS 0x0000000721700000, 0x0000000721700000| Complete 
| 408|0x0000000721800000, 0x0000000721900000, 0x0000000721900000|100%|HC|  |TAMS 0x0000000721800000, 0x0000000721800000| Complete 
| 409|0x0000000721900000, 0x0000000721a00000, 0x0000000721a00000|100%|HC|  |TAMS 0x0000000721900000, 0x0000000721900000| Complete 
| 410|0x0000000721a00000, 0x0000000721b00000, 0x0000000721b00000|100%|HC|  |TAMS 0x0000000721a00000, 0x0000000721a00000| Complete 
| 411|0x0000000721b00000, 0x0000000721c00000, 0x0000000721c00000|100%|HC|  |TAMS 0x0000000721b00000, 0x0000000721b00000| Complete 
| 412|0x0000000721c00000, 0x0000000721d00000, 0x0000000721d00000|100%|HC|  |TAMS 0x0000000721c00000, 0x0000000721c00000| Complete 
| 413|0x0000000721d00000, 0x0000000721d00000, 0x0000000721e00000|  0%| F|  |TAMS 0x0000000721d00000, 0x0000000721d00000| Untracked 
| 414|0x0000000721e00000, 0x0000000721e00000, 0x0000000721f00000|  0%| F|  |TAMS 0x0000000721e00000, 0x0000000721e00000| Untracked 
| 415|0x0000000721f00000, 0x0000000721f00000, 0x0000000722000000|  0%| F|  |TAMS 0x0000000721f00000, 0x0000000721f00000| Untracked 
| 416|0x0000000722000000, 0x0000000722000000, 0x0000000722100000|  0%| F|  |TAMS 0x0000000722000000, 0x0000000722000000| Untracked 
| 417|0x0000000722100000, 0x0000000722100000, 0x0000000722200000|  0%| F|  |TAMS 0x0000000722100000, 0x0000000722100000| Untracked 
| 418|0x0000000722200000, 0x0000000722200000, 0x0000000722300000|  0%| F|  |TAMS 0x0000000722200000, 0x0000000722200000| Untracked 
| 419|0x0000000722300000, 0x0000000722300000, 0x0000000722400000|  0%| F|  |TAMS 0x0000000722300000, 0x0000000722300000| Untracked 
| 420|0x0000000722400000, 0x0000000722400000, 0x0000000722500000|  0%| F|  |TAMS 0x0000000722400000, 0x0000000722400000| Untracked 
| 421|0x0000000722500000, 0x0000000722500000, 0x0000000722600000|  0%| F|  |TAMS 0x0000000722500000, 0x0000000722500000| Untracked 
| 422|0x0000000722600000, 0x0000000722600000, 0x0000000722700000|  0%| F|  |TAMS 0x0000000722600000, 0x0000000722600000| Untracked 
| 423|0x0000000722700000, 0x0000000722700000, 0x0000000722800000|  0%| F|  |TAMS 0x0000000722700000, 0x0000000722700000| Untracked 
| 424|0x0000000722800000, 0x0000000722800000, 0x0000000722900000|  0%| F|  |TAMS 0x0000000722800000, 0x0000000722800000| Untracked 
| 425|0x0000000722900000, 0x0000000722900000, 0x0000000722a00000|  0%| F|  |TAMS 0x0000000722900000, 0x0000000722900000| Untracked 
| 426|0x0000000722a00000, 0x0000000722a00000, 0x0000000722b00000|  0%| F|  |TAMS 0x0000000722a00000, 0x0000000722a00000| Untracked 
| 427|0x0000000722b00000, 0x0000000722b00000, 0x0000000722c00000|  0%| F|  |TAMS 0x0000000722b00000, 0x0000000722b00000| Untracked 
| 428|0x0000000722c00000, 0x0000000722c00000, 0x0000000722d00000|  0%| F|  |TAMS 0x0000000722c00000, 0x0000000722c00000| Untracked 
| 429|0x0000000722d00000, 0x0000000722d00000, 0x0000000722e00000|  0%| F|  |TAMS 0x0000000722d00000, 0x0000000722d00000| Untracked 
| 430|0x0000000722e00000, 0x0000000722e00000, 0x0000000722f00000|  0%| F|  |TAMS 0x0000000722e00000, 0x0000000722e00000| Untracked 
| 431|0x0000000722f00000, 0x0000000722f00000, 0x0000000723000000|  0%| F|  |TAMS 0x0000000722f00000, 0x0000000722f00000| Untracked 
| 432|0x0000000723000000, 0x0000000723000000, 0x0000000723100000|  0%| F|  |TAMS 0x0000000723000000, 0x0000000723000000| Untracked 
| 433|0x0000000723100000, 0x0000000723100000, 0x0000000723200000|  0%| F|  |TAMS 0x0000000723100000, 0x0000000723100000| Untracked 
| 434|0x0000000723200000, 0x0000000723200000, 0x0000000723300000|  0%| F|  |TAMS 0x0000000723200000, 0x0000000723200000| Untracked 
| 435|0x0000000723300000, 0x0000000723300000, 0x0000000723400000|  0%| F|  |TAMS 0x0000000723300000, 0x0000000723300000| Untracked 
| 436|0x0000000723400000, 0x0000000723400000, 0x0000000723500000|  0%| F|  |TAMS 0x0000000723400000, 0x0000000723400000| Untracked 
| 437|0x0000000723500000, 0x0000000723500000, 0x0000000723600000|  0%| F|  |TAMS 0x0000000723500000, 0x0000000723500000| Untracked 
| 438|0x0000000723600000, 0x0000000723600000, 0x0000000723700000|  0%| F|  |TAMS 0x0000000723600000, 0x0000000723600000| Untracked 
| 439|0x0000000723700000, 0x0000000723700000, 0x0000000723800000|  0%| F|  |TAMS 0x0000000723700000, 0x0000000723700000| Untracked 
| 440|0x0000000723800000, 0x0000000723800000, 0x0000000723900000|  0%| F|  |TAMS 0x0000000723800000, 0x0000000723800000| Untracked 
| 441|0x0000000723900000, 0x0000000723900000, 0x0000000723a00000|  0%| F|  |TAMS 0x0000000723900000, 0x0000000723900000| Untracked 
| 442|0x0000000723a00000, 0x0000000723a00000, 0x0000000723b00000|  0%| F|  |TAMS 0x0000000723a00000, 0x0000000723a00000| Untracked 
| 443|0x0000000723b00000, 0x0000000723b00000, 0x0000000723c00000|  0%| F|  |TAMS 0x0000000723b00000, 0x0000000723b00000| Untracked 
| 444|0x0000000723c00000, 0x0000000723c00000, 0x0000000723d00000|  0%| F|  |TAMS 0x0000000723c00000, 0x0000000723c00000| Untracked 
| 445|0x0000000723d00000, 0x0000000723d00000, 0x0000000723e00000|  0%| F|  |TAMS 0x0000000723d00000, 0x0000000723d00000| Untracked 
| 446|0x0000000723e00000, 0x0000000723e00000, 0x0000000723f00000|  0%| F|  |TAMS 0x0000000723e00000, 0x0000000723e00000| Untracked 
| 447|0x0000000723f00000, 0x0000000723f00000, 0x0000000724000000|  0%| F|  |TAMS 0x0000000723f00000, 0x0000000723f00000| Untracked 
| 448|0x0000000724000000, 0x0000000724000000, 0x0000000724100000|  0%| F|  |TAMS 0x0000000724000000, 0x0000000724000000| Untracked 
| 449|0x0000000724100000, 0x0000000724100000, 0x0000000724200000|  0%| F|  |TAMS 0x0000000724100000, 0x0000000724100000| Untracked 
| 450|0x0000000724200000, 0x0000000724200000, 0x0000000724300000|  0%| F|  |TAMS 0x0000000724200000, 0x0000000724200000| Untracked 
| 451|0x0000000724300000, 0x0000000724300000, 0x0000000724400000|  0%| F|  |TAMS 0x0000000724300000, 0x0000000724300000| Untracked 
| 452|0x0000000724400000, 0x0000000724400000, 0x0000000724500000|  0%| F|  |TAMS 0x0000000724400000, 0x0000000724400000| Untracked 
| 453|0x0000000724500000, 0x0000000724500000, 0x0000000724600000|  0%| F|  |TAMS 0x0000000724500000, 0x0000000724500000| Untracked 
| 454|0x0000000724600000, 0x0000000724600000, 0x0000000724700000|  0%| F|  |TAMS 0x0000000724600000, 0x0000000724600000| Untracked 
| 455|0x0000000724700000, 0x0000000724700000, 0x0000000724800000|  0%| F|  |TAMS 0x0000000724700000, 0x0000000724700000| Untracked 
| 456|0x0000000724800000, 0x0000000724800000, 0x0000000724900000|  0%| F|  |TAMS 0x0000000724800000, 0x0000000724800000| Untracked 
| 457|0x0000000724900000, 0x0000000724900000, 0x0000000724a00000|  0%| F|  |TAMS 0x0000000724900000, 0x0000000724900000| Untracked 
| 458|0x0000000724a00000, 0x0000000724a00000, 0x0000000724b00000|  0%| F|  |TAMS 0x0000000724a00000, 0x0000000724a00000| Untracked 
| 459|0x0000000724b00000, 0x0000000724b00000, 0x0000000724c00000|  0%| F|  |TAMS 0x0000000724b00000, 0x0000000724b00000| Untracked 
| 460|0x0000000724c00000, 0x0000000724c00000, 0x0000000724d00000|  0%| F|  |TAMS 0x0000000724c00000, 0x0000000724c00000| Untracked 
| 461|0x0000000724d00000, 0x0000000724d00000, 0x0000000724e00000|  0%| F|  |TAMS 0x0000000724d00000, 0x0000000724d00000| Untracked 
| 462|0x0000000724e00000, 0x0000000724e00000, 0x0000000724f00000|  0%| F|  |TAMS 0x0000000724e00000, 0x0000000724e00000| Untracked 
| 463|0x0000000724f00000, 0x0000000724f00000, 0x0000000725000000|  0%| F|  |TAMS 0x0000000724f00000, 0x0000000724f00000| Untracked 
| 464|0x0000000725000000, 0x0000000725000000, 0x0000000725100000|  0%| F|  |TAMS 0x0000000725000000, 0x0000000725000000| Untracked 
| 465|0x0000000725100000, 0x0000000725100000, 0x0000000725200000|  0%| F|  |TAMS 0x0000000725100000, 0x0000000725100000| Untracked 
| 466|0x0000000725200000, 0x0000000725200000, 0x0000000725300000|  0%| F|  |TAMS 0x0000000725200000, 0x0000000725200000| Untracked 
| 467|0x0000000725300000, 0x0000000725300000, 0x0000000725400000|  0%| F|  |TAMS 0x0000000725300000, 0x0000000725300000| Untracked 
| 468|0x0000000725400000, 0x0000000725400000, 0x0000000725500000|  0%| F|  |TAMS 0x0000000725400000, 0x0000000725400000| Untracked 
| 469|0x0000000725500000, 0x0000000725500000, 0x0000000725600000|  0%| F|  |TAMS 0x0000000725500000, 0x0000000725500000| Untracked 
| 470|0x0000000725600000, 0x0000000725600000, 0x0000000725700000|  0%| F|  |TAMS 0x0000000725600000, 0x0000000725600000| Untracked 
| 471|0x0000000725700000, 0x0000000725700000, 0x0000000725800000|  0%| F|  |TAMS 0x0000000725700000, 0x0000000725700000| Untracked 
| 472|0x0000000725800000, 0x0000000725800000, 0x0000000725900000|  0%| F|  |TAMS 0x0000000725800000, 0x0000000725800000| Untracked 
| 473|0x0000000725900000, 0x0000000725900000, 0x0000000725a00000|  0%| F|  |TAMS 0x0000000725900000, 0x0000000725900000| Untracked 
| 474|0x0000000725a00000, 0x0000000725a00000, 0x0000000725b00000|  0%| F|  |TAMS 0x0000000725a00000, 0x0000000725a00000| Untracked 
| 475|0x0000000725b00000, 0x0000000725b00000, 0x0000000725c00000|  0%| F|  |TAMS 0x0000000725b00000, 0x0000000725b00000| Untracked 
| 476|0x0000000725c00000, 0x0000000725c00000, 0x0000000725d00000|  0%| F|  |TAMS 0x0000000725c00000, 0x0000000725c00000| Untracked 
| 477|0x0000000725d00000, 0x0000000725d00000, 0x0000000725e00000|  0%| F|  |TAMS 0x0000000725d00000, 0x0000000725d00000| Untracked 
| 478|0x0000000725e00000, 0x0000000725e00000, 0x0000000725f00000|  0%| F|  |TAMS 0x0000000725e00000, 0x0000000725e00000| Untracked 
| 479|0x0000000725f00000, 0x0000000725f00000, 0x0000000726000000|  0%| F|  |TAMS 0x0000000725f00000, 0x0000000725f00000| Untracked 
| 480|0x0000000726000000, 0x0000000726000000, 0x0000000726100000|  0%| F|  |TAMS 0x0000000726000000, 0x0000000726000000| Untracked 
| 481|0x0000000726100000, 0x0000000726100000, 0x0000000726200000|  0%| F|  |TAMS 0x0000000726100000, 0x0000000726100000| Untracked 
| 482|0x0000000726200000, 0x0000000726200000, 0x0000000726300000|  0%| F|  |TAMS 0x0000000726200000, 0x0000000726200000| Untracked 
| 483|0x0000000726300000, 0x0000000726300000, 0x0000000726400000|  0%| F|  |TAMS 0x0000000726300000, 0x0000000726300000| Untracked 
| 484|0x0000000726400000, 0x0000000726400000, 0x0000000726500000|  0%| F|  |TAMS 0x0000000726400000, 0x0000000726400000| Untracked 
| 485|0x0000000726500000, 0x0000000726500000, 0x0000000726600000|  0%| F|  |TAMS 0x0000000726500000, 0x0000000726500000| Untracked 
| 486|0x0000000726600000, 0x0000000726600000, 0x0000000726700000|  0%| F|  |TAMS 0x0000000726600000, 0x0000000726600000| Untracked 
| 487|0x0000000726700000, 0x0000000726700000, 0x0000000726800000|  0%| F|  |TAMS 0x0000000726700000, 0x0000000726700000| Untracked 
| 488|0x0000000726800000, 0x0000000726800000, 0x0000000726900000|  0%| F|  |TAMS 0x0000000726800000, 0x0000000726800000| Untracked 
| 489|0x0000000726900000, 0x0000000726900000, 0x0000000726a00000|  0%| F|  |TAMS 0x0000000726900000, 0x0000000726900000| Untracked 
| 490|0x0000000726a00000, 0x0000000726a00000, 0x0000000726b00000|  0%| F|  |TAMS 0x0000000726a00000, 0x0000000726a00000| Untracked 
| 491|0x0000000726b00000, 0x0000000726b00000, 0x0000000726c00000|  0%| F|  |TAMS 0x0000000726b00000, 0x0000000726b00000| Untracked 
| 492|0x0000000726c00000, 0x0000000726c00000, 0x0000000726d00000|  0%| F|  |TAMS 0x0000000726c00000, 0x0000000726c00000| Untracked 
| 493|0x0000000726d00000, 0x0000000726d00000, 0x0000000726e00000|  0%| F|  |TAMS 0x0000000726d00000, 0x0000000726d00000| Untracked 
| 494|0x0000000726e00000, 0x0000000726e00000, 0x0000000726f00000|  0%| F|  |TAMS 0x0000000726e00000, 0x0000000726e00000| Untracked 
| 495|0x0000000726f00000, 0x0000000726f00000, 0x0000000727000000|  0%| F|  |TAMS 0x0000000726f00000, 0x0000000726f00000| Untracked 
| 496|0x0000000727000000, 0x0000000727000000, 0x0000000727100000|  0%| F|  |TAMS 0x0000000727000000, 0x0000000727000000| Untracked 
| 497|0x0000000727100000, 0x0000000727100000, 0x0000000727200000|  0%| F|  |TAMS 0x0000000727100000, 0x0000000727100000| Untracked 
| 498|0x0000000727200000, 0x0000000727200000, 0x0000000727300000|  0%| F|  |TAMS 0x0000000727200000, 0x0000000727200000| Untracked 
| 499|0x0000000727300000, 0x0000000727300000, 0x0000000727400000|  0%| F|  |TAMS 0x0000000727300000, 0x0000000727300000| Untracked 
| 500|0x0000000727400000, 0x0000000727400000, 0x0000000727500000|  0%| F|  |TAMS 0x0000000727400000, 0x0000000727400000| Untracked 
| 501|0x0000000727500000, 0x0000000727500000, 0x0000000727600000|  0%| F|  |TAMS 0x0000000727500000, 0x0000000727500000| Untracked 
| 502|0x0000000727600000, 0x0000000727600000, 0x0000000727700000|  0%| F|  |TAMS 0x0000000727600000, 0x0000000727600000| Untracked 
| 503|0x0000000727700000, 0x0000000727700000, 0x0000000727800000|  0%| F|  |TAMS 0x0000000727700000, 0x0000000727700000| Untracked 
| 504|0x0000000727800000, 0x0000000727800000, 0x0000000727900000|  0%| F|  |TAMS 0x0000000727800000, 0x0000000727800000| Untracked 
| 505|0x0000000727900000, 0x0000000727900000, 0x0000000727a00000|  0%| F|  |TAMS 0x0000000727900000, 0x0000000727900000| Untracked 
| 506|0x0000000727a00000, 0x0000000727a00000, 0x0000000727b00000|  0%| F|  |TAMS 0x0000000727a00000, 0x0000000727a00000| Untracked 
| 507|0x0000000727b00000, 0x0000000727b00000, 0x0000000727c00000|  0%| F|  |TAMS 0x0000000727b00000, 0x0000000727b00000| Untracked 
| 508|0x0000000727c00000, 0x0000000727c00000, 0x0000000727d00000|  0%| F|  |TAMS 0x0000000727c00000, 0x0000000727c00000| Untracked 
| 509|0x0000000727d00000, 0x0000000727d00000, 0x0000000727e00000|  0%| F|  |TAMS 0x0000000727d00000, 0x0000000727d00000| Untracked 
| 510|0x0000000727e00000, 0x0000000727e00000, 0x0000000727f00000|  0%| F|  |TAMS 0x0000000727e00000, 0x0000000727e00000| Untracked 
| 511|0x0000000727f00000, 0x0000000727f00000, 0x0000000728000000|  0%| F|  |TAMS 0x0000000727f00000, 0x0000000727f00000| Untracked 
| 512|0x0000000728000000, 0x0000000728000000, 0x0000000728100000|  0%| F|  |TAMS 0x0000000728000000, 0x0000000728000000| Untracked 
| 513|0x0000000728100000, 0x0000000728100000, 0x0000000728200000|  0%| F|  |TAMS 0x0000000728100000, 0x0000000728100000| Untracked 
| 514|0x0000000728200000, 0x0000000728200000, 0x0000000728300000|  0%| F|  |TAMS 0x0000000728200000, 0x0000000728200000| Untracked 
| 515|0x0000000728300000, 0x0000000728300000, 0x0000000728400000|  0%| F|  |TAMS 0x0000000728300000, 0x0000000728300000| Untracked 
| 516|0x0000000728400000, 0x0000000728400000, 0x0000000728500000|  0%| F|  |TAMS 0x0000000728400000, 0x0000000728400000| Untracked 
| 517|0x0000000728500000, 0x0000000728500000, 0x0000000728600000|  0%| F|  |TAMS 0x0000000728500000, 0x0000000728500000| Untracked 
| 518|0x0000000728600000, 0x0000000728600000, 0x0000000728700000|  0%| F|  |TAMS 0x0000000728600000, 0x0000000728600000| Untracked 
| 519|0x0000000728700000, 0x0000000728700000, 0x0000000728800000|  0%| F|  |TAMS 0x0000000728700000, 0x0000000728700000| Untracked 
| 520|0x0000000728800000, 0x0000000728800000, 0x0000000728900000|  0%| F|  |TAMS 0x0000000728800000, 0x0000000728800000| Untracked 
| 521|0x0000000728900000, 0x0000000728900000, 0x0000000728a00000|  0%| F|  |TAMS 0x0000000728900000, 0x0000000728900000| Untracked 
| 522|0x0000000728a00000, 0x0000000728a00000, 0x0000000728b00000|  0%| F|  |TAMS 0x0000000728a00000, 0x0000000728a00000| Untracked 
| 523|0x0000000728b00000, 0x0000000728b00000, 0x0000000728c00000|  0%| F|  |TAMS 0x0000000728b00000, 0x0000000728b00000| Untracked 
| 524|0x0000000728c00000, 0x0000000728c00000, 0x0000000728d00000|  0%| F|  |TAMS 0x0000000728c00000, 0x0000000728c00000| Untracked 
| 525|0x0000000728d00000, 0x0000000728d00000, 0x0000000728e00000|  0%| F|  |TAMS 0x0000000728d00000, 0x0000000728d00000| Untracked 
| 526|0x0000000728e00000, 0x0000000728e00000, 0x0000000728f00000|  0%| F|  |TAMS 0x0000000728e00000, 0x0000000728e00000| Untracked 
| 527|0x0000000728f00000, 0x0000000728f00000, 0x0000000729000000|  0%| F|  |TAMS 0x0000000728f00000, 0x0000000728f00000| Untracked 
| 528|0x0000000729000000, 0x0000000729000000, 0x0000000729100000|  0%| F|  |TAMS 0x0000000729000000, 0x0000000729000000| Untracked 
| 529|0x0000000729100000, 0x0000000729100000, 0x0000000729200000|  0%| F|  |TAMS 0x0000000729100000, 0x0000000729100000| Untracked 
| 530|0x0000000729200000, 0x0000000729200000, 0x0000000729300000|  0%| F|  |TAMS 0x0000000729200000, 0x0000000729200000| Untracked 
| 531|0x0000000729300000, 0x0000000729300000, 0x0000000729400000|  0%| F|  |TAMS 0x0000000729300000, 0x0000000729300000| Untracked 
| 532|0x0000000729400000, 0x0000000729400000, 0x0000000729500000|  0%| F|  |TAMS 0x0000000729400000, 0x0000000729400000| Untracked 
| 533|0x0000000729500000, 0x0000000729500000, 0x0000000729600000|  0%| F|  |TAMS 0x0000000729500000, 0x0000000729500000| Untracked 
| 534|0x0000000729600000, 0x0000000729600000, 0x0000000729700000|  0%| F|  |TAMS 0x0000000729600000, 0x0000000729600000| Untracked 
| 535|0x0000000729700000, 0x0000000729700000, 0x0000000729800000|  0%| F|  |TAMS 0x0000000729700000, 0x0000000729700000| Untracked 
| 536|0x0000000729800000, 0x0000000729800000, 0x0000000729900000|  0%| F|  |TAMS 0x0000000729800000, 0x0000000729800000| Untracked 
| 537|0x0000000729900000, 0x0000000729900000, 0x0000000729a00000|  0%| F|  |TAMS 0x0000000729900000, 0x0000000729900000| Untracked 
| 538|0x0000000729a00000, 0x0000000729a00000, 0x0000000729b00000|  0%| F|  |TAMS 0x0000000729a00000, 0x0000000729a00000| Untracked 
| 539|0x0000000729b00000, 0x0000000729b00000, 0x0000000729c00000|  0%| F|  |TAMS 0x0000000729b00000, 0x0000000729b00000| Untracked 
| 540|0x0000000729c00000, 0x0000000729c00000, 0x0000000729d00000|  0%| F|  |TAMS 0x0000000729c00000, 0x0000000729c00000| Untracked 
| 541|0x0000000729d00000, 0x0000000729d00000, 0x0000000729e00000|  0%| F|  |TAMS 0x0000000729d00000, 0x0000000729d00000| Untracked 
| 542|0x0000000729e00000, 0x0000000729e00000, 0x0000000729f00000|  0%| F|  |TAMS 0x0000000729e00000, 0x0000000729e00000| Untracked 
| 543|0x0000000729f00000, 0x0000000729f00000, 0x000000072a000000|  0%| F|  |TAMS 0x0000000729f00000, 0x0000000729f00000| Untracked 
| 544|0x000000072a000000, 0x000000072a000000, 0x000000072a100000|  0%| F|  |TAMS 0x000000072a000000, 0x000000072a000000| Untracked 
| 545|0x000000072a100000, 0x000000072a200000, 0x000000072a200000|100%| S|CS|TAMS 0x000000072a100000, 0x000000072a100000| Complete 
| 546|0x000000072a200000, 0x000000072a300000, 0x000000072a300000|100%| S|CS|TAMS 0x000000072a200000, 0x000000072a200000| Complete 
| 547|0x000000072a300000, 0x000000072a400000, 0x000000072a400000|100%| S|CS|TAMS 0x000000072a300000, 0x000000072a300000| Complete 
| 548|0x000000072a400000, 0x000000072a500000, 0x000000072a500000|100%| S|CS|TAMS 0x000000072a400000, 0x000000072a400000| Complete 
| 549|0x000000072a500000, 0x000000072a500000, 0x000000072a600000|  0%| F|  |TAMS 0x000000072a500000, 0x000000072a500000| Untracked 
| 550|0x000000072a600000, 0x000000072a600000, 0x000000072a700000|  0%| F|  |TAMS 0x000000072a600000, 0x000000072a600000| Untracked 
| 551|0x000000072a700000, 0x000000072a700000, 0x000000072a800000|  0%| F|  |TAMS 0x000000072a700000, 0x000000072a700000| Untracked 
| 552|0x000000072a800000, 0x000000072a800000, 0x000000072a900000|  0%| F|  |TAMS 0x000000072a800000, 0x000000072a800000| Untracked 
| 553|0x000000072a900000, 0x000000072a900000, 0x000000072aa00000|  0%| F|  |TAMS 0x000000072a900000, 0x000000072a900000| Untracked 
| 554|0x000000072aa00000, 0x000000072aa00000, 0x000000072ab00000| 23%| E|  |TAMS 0x000000072aa00000, 0x000000072aa00000| Complete 
| 555|0x000000072ab00000, 0x000000072ac00000, 0x000000072ac00000|100%| E|CS|TAMS 0x000000072ab00000, 0x000000072ab00000| Complete 
| 556|0x000000072ac00000, 0x000000072ad00000, 0x000000072ad00000|100%| E|CS|TAMS 0x000000072ac00000, 0x000000072ac00000| Complete 
| 557|0x000000072ad00000, 0x000000072ae00000, 0x000000072ae00000|100%| E|CS|TAMS 0x000000072ad00000, 0x000000072ad00000| Complete 
| 558|0x000000072ae00000, 0x000000072af00000, 0x000000072af00000|100%| E|CS|TAMS 0x000000072ae00000, 0x000000072ae00000| Complete 
| 559|0x000000072af00000, 0x000000072b000000, 0x000000072b000000|100%| E|CS|TAMS 0x000000072af00000, 0x000000072af00000| Complete 
| 560|0x000000072b000000, 0x000000072b100000, 0x000000072b100000|100%| E|CS|TAMS 0x000000072b000000, 0x000000072b000000| Complete 
| 561|0x000000072b100000, 0x000000072b200000, 0x000000072b200000|100%| E|CS|TAMS 0x000000072b100000, 0x000000072b100000| Complete 
| 562|0x000000072b200000, 0x000000072b300000, 0x000000072b300000|100%| E|CS|TAMS 0x000000072b200000, 0x000000072b200000| Complete 
| 563|0x000000072b300000, 0x000000072b400000, 0x000000072b400000|100%| E|CS|TAMS 0x000000072b300000, 0x000000072b300000| Complete 
| 564|0x000000072b400000, 0x000000072b500000, 0x000000072b500000|100%| E|CS|TAMS 0x000000072b400000, 0x000000072b400000| Complete 
| 565|0x000000072b500000, 0x000000072b600000, 0x000000072b600000|100%| E|CS|TAMS 0x000000072b500000, 0x000000072b500000| Complete 
|2942|0x00000007bfe00000, 0x00000007bfe48000, 0x00000007bff00000| 28%|OA|  |TAMS 0x00000007bfe48000, 0x00000007bfe00000| Untracked 
|2943|0x00000007bff00000, 0x00000007bff6b000, 0x00000007c0000000| 41%|CA|  |TAMS 0x00000007bff6b000, 0x00000007bff00000| Untracked 

Card table byte_map: [0x00007ff310038000,0x00007ff3107f8000] _byte_map_base: 0x00007ff30c7f8000

Marking Bits (Prev, Next): (CMBitMap*) 0x00007ff32807d498, (CMBitMap*) 0x00007ff32807d4d0
 Prev Bits: [0x00007ff307a40000, 0x00007ff30b840000)
 Next Bits: [0x00007ff303c40000, 0x00007ff307a40000)

Polling page: 0x00007ff32f20a000

Metaspace:

Usage:
  Non-class:      5.12 MB capacity,     2.19 MB ( 43%) used,     2.93 MB ( 57%) free+waste,     4.19 KB ( <1%) overhead. 
      Class:    515.00 KB capacity,   188.98 KB ( 37%) used,   323.84 KB ( 63%) free+waste,     2.19 KB ( <1%) overhead. 
       Both:      5.62 MB capacity,     2.37 MB ( 42%) used,     3.24 MB ( 58%) free+waste,     6.38 KB ( <1%) overhead. 

Virtual space:
  Non-class space:        8.00 MB reserved,       5.25 MB ( 66%) committed 
      Class space:        1.00 GB reserved,     640.00 KB ( <1%) committed 
             Both:        1.01 GB reserved,       5.88 MB ( <1%) committed 

Chunk freelists:
   Non-Class:  10.00 KB
       Class:  0 bytes
        Both:  10.00 KB

MaxMetaspaceSize: unlimited
CompressedClassSpaceSize: 1.00 GB
Initial GC threshold: 20.80 MB
Current GC threshold: 20.80 MB
CDS: on

CodeHeap 'non-profiled nmethods': size=119172Kb used=1045Kb max_used=1045Kb free=118126Kb
 bounds [0x00007ff318397000, 0x00007ff318607000, 0x00007ff31f7f8000]
CodeHeap 'profiled nmethods': size=119168Kb used=2659Kb max_used=2659Kb free=116508Kb
 bounds [0x00007ff310f37000, 0x00007ff3111d7000, 0x00007ff318397000]
CodeHeap 'non-nmethods': size=7420Kb used=1138Kb max_used=2851Kb free=6281Kb
 bounds [0x00007ff3107f8000, 0x00007ff310ad8000, 0x00007ff310f37000]
 total_blobs=1513 nmethods=1117 adapters=310
 compilation: enabled
              stopped_count=0, restarted_count=0
 full_count=0

Compilation events (20 events):
Event: 31.446 Thread 0x00007ff2d0488000 nmethod 1103 0x00007ff318494f90 code [0x00007ff318495160, 0x00007ff3184953c8]
Event: 31.446 Thread 0x00007ff2d0488000 1105       4       sun.nio.cs.StreamEncoder::writeBytes (132 bytes)
Event: 31.450 Thread 0x00007ff3281f2000 nmethod 1104 0x00007ff318495810 code [0x00007ff318495a20, 0x00007ff318496b68]
Event: 31.450 Thread 0x00007ff2d0488000 nmethod 1105 0x00007ff318497390 code [0x00007ff3184975a0, 0x00007ff318498328]
Event: 33.263 Thread 0x00007ff3281f4000 1106       3       Problem11::calculateOutputm151 (447 bytes)
Event: 33.266 Thread 0x00007ff3281f4000 nmethod 1106 0x00007ff3111c3690 code [0x00007ff3111c4140, 0x00007ff3111ca6f0]
Event: 33.881 Thread 0x00007ff3281f4000 1107       3       Problem11::calculateOutputm41 (77 bytes)
Event: 33.881 Thread 0x00007ff3281f4000 nmethod 1107 0x00007ff3111cc690 code [0x00007ff3111cc920, 0x00007ff3111cd370]
Event: 36.906 Thread 0x00007ff3281f2000 1108       4       java.util.concurrent.ThreadPoolExecutor::runStateAtLeast (11 bytes)
Event: 36.906 Thread 0x00007ff3281f2000 nmethod 1108 0x00007ff318498a10 code [0x00007ff318498ba0, 0x00007ff318498bf8]
Event: 36.937 Thread 0x00007ff3281f2000 1109       4       java.util.concurrent.ThreadPoolExecutor::afterExecute (1 bytes)
Event: 36.937 Thread 0x00007ff3281f2000 nmethod 1109 0x00007ff318498d10 code [0x00007ff318498ea0, 0x00007ff318498f18]
Event: 38.348 Thread 0x00007ff3281f4000 1110       3       Problem11::calculateOutputm20 (142 bytes)
Event: 38.349 Thread 0x00007ff3281f4000 nmethod 1110 0x00007ff3111cd710 code [0x00007ff3111cdb00, 0x00007ff3111cf630]
Event: 38.784 Thread 0x00007ff3281f2000 1111       4       java.util.concurrent.locks.AbstractQueuedSynchronizer::release (33 bytes)
Event: 38.785 Thread 0x00007ff3281f2000 nmethod 1111 0x00007ff318499010 code [0x00007ff3184991c0, 0x00007ff318499328]
Event: 39.873 Thread 0x00007ff3281f2000 1112   !   4       java.util.regex.Pattern::<init> (144 bytes)
Event: 39.875 Thread 0x00007ff3281f2000 nmethod 1112 0x00007ff318499510 code [0x00007ff3184996c0, 0x00007ff318499938]
Event: 41.507 Thread 0x00007ff3281f2000 1113       4       java.util.concurrent.ThreadPoolExecutor::beforeExecute (1 bytes)
Event: 41.507 Thread 0x00007ff3281f2000 nmethod 1113 0x00007ff318499b10 code [0x00007ff318499ca0, 0x00007ff318499d18]

GC Heap History (20 events):
Event: 25.176 GC heap before
{Heap before GC invocations=24 (full 0):
 garbage-first heap   total 581632K, used 361757K [0x0000000708000000, 0x0000000800000000)
  region size 1024K, 159 young (162816K), 4 survivors (4096K)
 Metaspace       used 2421K, capacity 5757K, committed 6016K, reserved 1056768K
  class space    used 188K, capacity 515K, committed 640K, reserved 1048576K
}
Event: 25.216 GC heap after
{Heap after GC invocations=25 (full 0):
 garbage-first heap   total 581632K, used 281952K [0x0000000708000000, 0x0000000800000000)
  region size 1024K, 20 young (20480K), 20 survivors (20480K)
 Metaspace       used 2421K, capacity 5757K, committed 6016K, reserved 1056768K
  class space    used 188K, capacity 515K, committed 640K, reserved 1048576K
}
Event: 27.456 GC heap before
{Heap before GC invocations=25 (full 0):
 garbage-first heap   total 581632K, used 395616K [0x0000000708000000, 0x0000000800000000)
  region size 1024K, 131 young (134144K), 20 survivors (20480K)
 Metaspace       used 2421K, capacity 5757K, committed 6016K, reserved 1056768K
  class space    used 188K, capacity 515K, committed 640K, reserved 1048576K
}
Event: 27.488 GC heap after
{Heap after GC invocations=26 (full 0):
 garbage-first heap   total 581632K, used 322252K [0x0000000708000000, 0x0000000800000000)
  region size 1024K, 17 young (17408K), 17 survivors (17408K)
 Metaspace       used 2421K, capacity 5757K, committed 6016K, reserved 1056768K
  class space    used 188K, capacity 515K, committed 640K, reserved 1048576K
}
Event: 29.766 GC heap before
{Heap before GC invocations=27 (full 0):
 garbage-first heap   total 581632K, used 388812K [0x0000000708000000, 0x0000000800000000)
  region size 1024K, 108 young (110592K), 17 survivors (17408K)
 Metaspace       used 2421K, capacity 5757K, committed 6016K, reserved 1056768K
  class space    used 188K, capacity 515K, committed 640K, reserved 1048576K
}
Event: 29.793 GC heap after
{Heap after GC invocations=28 (full 0):
 garbage-first heap   total 581632K, used 327884K [0x0000000708000000, 0x0000000800000000)
  region size 1024K, 14 young (14336K), 14 survivors (14336K)
 Metaspace       used 2421K, capacity 5757K, committed 6016K, reserved 1056768K
  class space    used 188K, capacity 515K, committed 640K, reserved 1048576K
}
Event: 30.097 GC heap before
{Heap before GC invocations=28 (full 0):
 garbage-first heap   total 581632K, used 342220K [0x0000000708000000, 0x0000000800000000)
  region size 1024K, 28 young (28672K), 14 survivors (14336K)
 Metaspace       used 2421K, capacity 5757K, committed 6016K, reserved 1056768K
  class space    used 188K, capacity 515K, committed 640K, reserved 1048576K
}
Event: 30.107 GC heap after
{Heap after GC invocations=29 (full 0):
 garbage-first heap   total 581632K, used 265420K [0x0000000708000000, 0x0000000800000000)
  region size 1024K, 4 young (4096K), 4 survivors (4096K)
 Metaspace       used 2421K, capacity 5757K, committed 6016K, reserved 1056768K
  class space    used 188K, capacity 515K, committed 640K, reserved 1048576K
}
Event: 30.540 GC heap before
{Heap before GC invocations=29 (full 0):
 garbage-first heap   total 581632K, used 289996K [0x0000000708000000, 0x0000000800000000)
  region size 1024K, 28 young (28672K), 4 survivors (4096K)
 Metaspace       used 2421K, capacity 5757K, committed 6016K, reserved 1056768K
  class space    used 188K, capacity 515K, committed 640K, reserved 1048576K
}
Event: 30.566 GC heap after
{Heap after GC invocations=30 (full 0):
 garbage-first heap   total 581632K, used 218633K [0x0000000708000000, 0x0000000800000000)
  region size 1024K, 4 young (4096K), 4 survivors (4096K)
 Metaspace       used 2421K, capacity 5757K, committed 6016K, reserved 1056768K
  class space    used 188K, capacity 515K, committed 640K, reserved 1048576K
}
Event: 31.046 GC heap before
{Heap before GC invocations=30 (full 0):
 garbage-first heap   total 581632K, used 243209K [0x0000000708000000, 0x0000000800000000)
  region size 1024K, 28 young (28672K), 4 survivors (4096K)
 Metaspace       used 2421K, capacity 5757K, committed 6016K, reserved 1056768K
  class space    used 188K, capacity 515K, committed 640K, reserved 1048576K
}
Event: 31.065 GC heap after
{Heap after GC invocations=31 (full 0):
 garbage-first heap   total 581632K, used 197252K [0x0000000708000000, 0x0000000800000000)
  region size 1024K, 4 young (4096K), 4 survivors (4096K)
 Metaspace       used 2421K, capacity 5757K, committed 6016K, reserved 1056768K
  class space    used 188K, capacity 515K, committed 640K, reserved 1048576K
}
Event: 34.317 GC heap before
{Heap before GC invocations=31 (full 0):
 garbage-first heap   total 581632K, used 365188K [0x0000000708000000, 0x0000000800000000)
  region size 1024K, 168 young (172032K), 4 survivors (4096K)
 Metaspace       used 2423K, capacity 5757K, committed 6016K, reserved 1056768K
  class space    used 188K, capacity 515K, committed 640K, reserved 1048576K
}
Event: 34.360 GC heap after
{Heap after GC invocations=32 (full 0):
 garbage-first heap   total 581632K, used 281095K [0x0000000708000000, 0x0000000800000000)
  region size 1024K, 21 young (21504K), 21 survivors (21504K)
 Metaspace       used 2423K, capacity 5757K, committed 6016K, reserved 1056768K
  class space    used 188K, capacity 515K, committed 640K, reserved 1048576K
}
Event: 36.680 GC heap before
{Heap before GC invocations=32 (full 0):
 garbage-first heap   total 581632K, used 394759K [0x0000000708000000, 0x0000000800000000)
  region size 1024K, 132 young (135168K), 21 survivors (21504K)
 Metaspace       used 2423K, capacity 5757K, committed 6016K, reserved 1056768K
  class space    used 188K, capacity 515K, committed 640K, reserved 1048576K
}
Event: 36.711 GC heap after
{Heap after GC invocations=33 (full 0):
 garbage-first heap   total 581632K, used 320716K [0x0000000708000000, 0x0000000800000000)
  region size 1024K, 17 young (17408K), 17 survivors (17408K)
 Metaspace       used 2423K, capacity 5757K, committed 6016K, reserved 1056768K
  class space    used 188K, capacity 515K, committed 640K, reserved 1048576K
}
Event: 38.683 GC heap before
{Heap before GC invocations=33 (full 0):
 garbage-first heap   total 581632K, used 413900K [0x0000000708000000, 0x0000000800000000)
  region size 1024K, 108 young (110592K), 17 survivors (17408K)
 Metaspace       used 2429K, capacity 5757K, committed 6016K, reserved 1056768K
  class space    used 188K, capacity 515K, committed 640K, reserved 1048576K
}
Event: 38.709 GC heap after
{Heap after GC invocations=34 (full 0):
 garbage-first heap   total 581632K, used 353484K [0x0000000708000000, 0x0000000800000000)
  region size 1024K, 14 young (14336K), 14 survivors (14336K)
 Metaspace       used 2429K, capacity 5757K, committed 6016K, reserved 1056768K
  class space    used 188K, capacity 515K, committed 640K, reserved 1048576K
}
Event: 39.896 GC heap before
{Heap before GC invocations=34 (full 0):
 garbage-first heap   total 581632K, used 407756K [0x0000000708000000, 0x0000000800000000)
  region size 1024K, 68 young (69632K), 14 survivors (14336K)
 Metaspace       used 2429K, capacity 5757K, committed 6016K, reserved 1056768K
  class space    used 188K, capacity 515K, committed 640K, reserved 1048576K
}
Event: 39.919 GC heap after
{Heap after GC invocations=35 (full 0):
 garbage-first heap   total 581632K, used 368844K [0x0000000708000000, 0x0000000800000000)
  region size 1024K, 12 young (12288K), 12 survivors (12288K)
 Metaspace       used 2429K, capacity 5757K, committed 6016K, reserved 1056768K
  class space    used 188K, capacity 515K, committed 640K, reserved 1048576K
}

Deoptimization events (20 events):
Event: 11.767 Thread 0x00007ff3284f6800 Uncommon trap: trap_request=0xffffffde fr.pc=0x00007ff31846a944 relative=0x0000000000000124
Event: 11.767 Thread 0x00007ff3284f6800 Uncommon trap: reason=class_check action=maybe_recompile pc=0x00007ff31846a944 method=jdk.internal.misc.Unsafe.allocateUninitializedArray(Ljava/lang/Class;I)Ljava/lang/Object; @ 48 c2
Event: 11.767 Thread 0x00007ff3284f6800 DEOPT PACKING pc=0x00007ff31846a944 sp=0x00007ff2f12834c0
Event: 11.767 Thread 0x00007ff3284f6800 DEOPT UNPACKING pc=0x00007ff310841ea5 sp=0x00007ff2f1283468 mode 2
Event: 22.675 